This file contains any messages produced by compilers while
running configure, to aid debugging if configure makes a mistake.

It was created by CUPS configure 2.4.0, which was
generated by GNU Autoconf 2.71.  Invocation command line was

  $ ./configure

## --------- ##
## Platform. ##
## --------- ##

hostname = chandresh-ROG-Strix-G512LI-G512LI
uname -m = x86_64
uname -r = 5.11.0-38-generic
uname -s = Linux
uname -v = #42~20.04.1-Ubuntu SMP Tue Sep 28 20:41:07 UTC 2021

/usr/bin/uname -p = x86_64
/bin/uname -X     = unknown

/bin/arch              = x86_64
/usr/bin/arch -k       = unknown
/usr/convex/getsysinfo = unknown
/usr/bin/hostinfo      = unknown
/bin/machine           = unknown
/usr/bin/oslevel       = unknown
/bin/universe          = unknown

PATH: /usr/local/sbin/
PATH: /usr/local/bin/
PATH: /usr/sbin/
PATH: /usr/bin/
PATH: /sbin/
PATH: /bin/
PATH: /usr/games/
PATH: /usr/local/games/
PATH: /snap/bin/


## ----------- ##
## Core tests. ##
## ----------- ##

configure:2918: looking for aux files: config.guess config.sub
configure:2931:  trying ./
configure:2960:   ./config.guess found
configure:2960:   ./config.sub found
configure:3082: checking build system type
configure:3097: result: x86_64-unknown-linux-gnu
configure:3117: checking host system type
configure:3131: result: x86_64-unknown-linux-gnu
configure:3180: checking for codesign
configure:3218: result: no
configure:3180: checking for true
configure:3203: found /usr/bin/true
configure:3215: result: /usr/bin/true
configure:3264: checking for gawk
configure:3299: result: no
configure:3264: checking for mawk
configure:3285: found /usr/bin/mawk
configure:3296: result: mawk
configure:3369: checking for gcc
configure:3390: found /usr/bin/gcc
configure:3401: result: gcc
configure:3754: checking for C compiler version
configure:3763: gcc --version >&5
gcc (Ubuntu 9.3.0-17ubuntu1~20.04) 9.3.0
Copyright (C) 2019 Free Software Foundation, Inc.
This is free software; see the source for copying conditions.  There is NO
warranty; not even for MERCHANTABILITY or FITNESS FOR A PARTICULAR PURPOSE.

configure:3774: $? = 0
configure:3763: gcc -v >&5
Using built-in specs.
COLLECT_GCC=gcc
COLLECT_LTO_WRAPPER=/usr/lib/gcc/x86_64-linux-gnu/9/lto-wrapper
OFFLOAD_TARGET_NAMES=nvptx-none:hsa
OFFLOAD_TARGET_DEFAULT=1
Target: x86_64-linux-gnu
Configured with: ../src/configure -v --with-pkgversion='Ubuntu 9.3.0-17ubuntu1~20.04' --with-bugurl=file:///usr/share/doc/gcc-9/README.Bugs --enable-languages=c,ada,c++,go,brig,d,fortran,objc,obj-c++,gm2 --prefix=/usr --with-gcc-major-version-only --program-suffix=-9 --program-prefix=x86_64-linux-gnu- --enable-shared --enable-linker-build-id --libexecdir=/usr/lib --without-included-gettext --enable-threads=posix --libdir=/usr/lib --enable-nls --enable-clocale=gnu --enable-libstdcxx-debug --enable-libstdcxx-time=yes --with-default-libstdcxx-abi=new --enable-gnu-unique-object --disable-vtable-verify --enable-plugin --enable-default-pie --with-system-zlib --with-target-system-zlib=auto --enable-objc-gc=auto --enable-multiarch --disable-werror --with-arch-32=i686 --with-abi=m64 --with-multilib-list=m32,m64,mx32 --enable-multilib --with-tune=generic --enable-offload-targets=nvptx-none=/build/gcc-9-HskZEa/gcc-9-9.3.0/debian/tmp-nvptx/usr,hsa --without-cuda-driver --enable-checking=release --build=x86_64-linux-gnu --host=x86_64-linux-gnu --target=x86_64-linux-gnu
Thread model: posix
gcc version 9.3.0 (Ubuntu 9.3.0-17ubuntu1~20.04) 
configure:3774: $? = 0
configure:3763: gcc -V >&5
gcc: error: unrecognized command line option '-V'
gcc: fatal error: no input files
compilation terminated.
configure:3774: $? = 1
configure:3763: gcc -qversion >&5
gcc: error: unrecognized command line option '-qversion'; did you mean '--version'?
gcc: fatal error: no input files
compilation terminated.
configure:3774: $? = 1
configure:3763: gcc -version >&5
gcc: error: unrecognized command line option '-version'
gcc: fatal error: no input files
compilation terminated.
configure:3774: $? = 1
configure:3794: checking whether the C compiler works
configure:3816: gcc    conftest.c  >&5
configure:3820: $? = 0
configure:3870: result: yes
configure:3873: checking for C compiler default output file name
configure:3875: result: a.out
configure:3881: checking for suffix of executables
configure:3888: gcc -o conftest    conftest.c  >&5
configure:3892: $? = 0
configure:3915: result: 
configure:3937: checking whether we are cross compiling
configure:3945: gcc -o conftest    conftest.c  >&5
configure:3949: $? = 0
configure:3956: ./conftest
configure:3960: $? = 0
configure:3948: result: no
configure:3953: checking for suffix of object files
configure:3976: gcc -c   conftest.c >&5
configure:3980: $? = 0
configure:4002: result: o
configure:4006: checking whether the compiler supports GNU C
configure:4026: gcc -c   conftest.c >&5
configure:4026: $? = 0
configure:4036: result: yes
configure:4047: checking whether gcc accepts -g
configure:4068: gcc -c -g  conftest.c >&5
configure:4068: $? = 0
configure:4112: result: yes
configure:4132: checking for gcc option to enable C11 features
configure:4147: gcc  -c   conftest.c >&5
configure:4147: $? = 0
configure:4165: result: none needed
configure:4280: checking how to run the C preprocessor
configure:4306: gcc -E  conftest.c
configure:4306: $? = 0
configure:4321: gcc -E  conftest.c
conftest.c:11:10: fatal error: ac_nonexistent.h: No such file or directory
   11 | #include <ac_nonexistent.h>
      |          ^~~~~~~~~~~~~~~~~~
compilation terminated.
configure:4321: $? = 1
configure: failed program was:
| /* confdefs.h */
| #define PACKAGE_NAME "CUPS"
| #define PACKAGE_TARNAME "cups"
| #define PACKAGE_VERSION "2.4.0"
| #define PACKAGE_STRING "CUPS 2.4.0"
| #define PACKAGE_BUGREPORT "https://github.com/openprinting/cups/issues"
| #define PACKAGE_URL "https://openprinting.github.io/cups"
| #define CUPS_SVERSION "CUPS v2.4.0"
| #define CUPS_MINIMAL "CUPS/2.4.0"
| /* end confdefs.h.  */
| #include <ac_nonexistent.h>
configure:4348: result: gcc -E
configure:4362: gcc -E  conftest.c
configure:4362: $? = 0
configure:4377: gcc -E  conftest.c
conftest.c:11:10: fatal error: ac_nonexistent.h: No such file or directory
   11 | #include <ac_nonexistent.h>
      |          ^~~~~~~~~~~~~~~~~~
compilation terminated.
configure:4377: $? = 1
configure: failed program was:
| /* confdefs.h */
| #define PACKAGE_NAME "CUPS"
| #define PACKAGE_TARNAME "cups"
| #define PACKAGE_VERSION "2.4.0"
| #define PACKAGE_STRING "CUPS 2.4.0"
| #define PACKAGE_BUGREPORT "https://github.com/openprinting/cups/issues"
| #define PACKAGE_URL "https://openprinting.github.io/cups"
| #define CUPS_SVERSION "CUPS v2.4.0"
| #define CUPS_MINIMAL "CUPS/2.4.0"
| /* end confdefs.h.  */
| #include <ac_nonexistent.h>
configure:4476: checking for g++
configure:4497: found /usr/bin/g++
configure:4508: result: g++
configure:4535: checking for C++ compiler version
configure:4544: g++ --version >&5
g++ (Ubuntu 9.3.0-17ubuntu1~20.04) 9.3.0
Copyright (C) 2019 Free Software Foundation, Inc.
This is free software; see the source for copying conditions.  There is NO
warranty; not even for MERCHANTABILITY or FITNESS FOR A PARTICULAR PURPOSE.

configure:4555: $? = 0
configure:4544: g++ -v >&5
Using built-in specs.
COLLECT_GCC=g++
COLLECT_LTO_WRAPPER=/usr/lib/gcc/x86_64-linux-gnu/9/lto-wrapper
OFFLOAD_TARGET_NAMES=nvptx-none:hsa
OFFLOAD_TARGET_DEFAULT=1
Target: x86_64-linux-gnu
Configured with: ../src/configure -v --with-pkgversion='Ubuntu 9.3.0-17ubuntu1~20.04' --with-bugurl=file:///usr/share/doc/gcc-9/README.Bugs --enable-languages=c,ada,c++,go,brig,d,fortran,objc,obj-c++,gm2 --prefix=/usr --with-gcc-major-version-only --program-suffix=-9 --program-prefix=x86_64-linux-gnu- --enable-shared --enable-linker-build-id --libexecdir=/usr/lib --without-included-gettext --enable-threads=posix --libdir=/usr/lib --enable-nls --enable-clocale=gnu --enable-libstdcxx-debug --enable-libstdcxx-time=yes --with-default-libstdcxx-abi=new --enable-gnu-unique-object --disable-vtable-verify --enable-plugin --enable-default-pie --with-system-zlib --with-target-system-zlib=auto --enable-objc-gc=auto --enable-multiarch --disable-werror --with-arch-32=i686 --with-abi=m64 --with-multilib-list=m32,m64,mx32 --enable-multilib --with-tune=generic --enable-offload-targets=nvptx-none=/build/gcc-9-HskZEa/gcc-9-9.3.0/debian/tmp-nvptx/usr,hsa --without-cuda-driver --enable-checking=release --build=x86_64-linux-gnu --host=x86_64-linux-gnu --target=x86_64-linux-gnu
Thread model: posix
gcc version 9.3.0 (Ubuntu 9.3.0-17ubuntu1~20.04) 
configure:4555: $? = 0
configure:4544: g++ -V >&5
g++: error: unrecognized command line option '-V'
g++: fatal error: no input files
compilation terminated.
configure:4555: $? = 1
configure:4544: g++ -qversion >&5
g++: error: unrecognized command line option '-qversion'; did you mean '--version'?
g++: fatal error: no input files
compilation terminated.
configure:4555: $? = 1
configure:4559: checking whether the compiler supports GNU C++
configure:4579: g++ -c   conftest.cpp >&5
configure:4579: $? = 0
configure:4589: result: yes
configure:4600: checking whether g++ accepts -g
configure:4621: g++ -c -g  conftest.cpp >&5
configure:4621: $? = 0
configure:4665: result: yes
configure:4685: checking for g++ option to enable C++11 features
configure:4700: g++  -c   conftest.cpp >&5
configure:4700: $? = 0
configure:4718: result: none needed
configure:4830: checking for ranlib
configure:4851: found /usr/bin/ranlib
configure:4862: result: ranlib
configure:4886: checking for ar
configure:4909: found /usr/bin/ar
configure:4921: result: /usr/bin/ar
configure:4931: checking for chmod
configure:4954: found /usr/bin/chmod
configure:4966: result: /usr/bin/chmod
configure:4976: checking for gzip
configure:4999: found /usr/bin/gzip
configure:5011: result: /usr/bin/gzip
configure:5019: checking for install-sh script
configure:5023: result: using /home/chandresh/cups/install-sh
configure:5027: checking for ld
configure:5050: found /usr/bin/ld
configure:5062: result: /usr/bin/ld
configure:5072: checking for ln
configure:5095: found /usr/bin/ln
configure:5107: result: /usr/bin/ln
configure:5117: checking for mkdir
configure:5140: found /usr/bin/mkdir
configure:5152: result: /usr/bin/mkdir
configure:5162: checking for mv
configure:5185: found /usr/bin/mv
configure:5197: result: /usr/bin/mv
configure:5207: checking for rm
configure:5230: found /usr/bin/rm
configure:5242: result: /usr/bin/rm
configure:5252: checking for rmdir
configure:5275: found /usr/bin/rmdir
configure:5287: result: /usr/bin/rmdir
configure:5297: checking for sed
configure:5320: found /usr/bin/sed
configure:5332: result: /usr/bin/sed
configure:5342: checking for xdg-open
configure:5365: found /usr/bin/xdg-open
configure:5377: result: /usr/bin/xdg-open
configure:5481: checking for pkg-config
configure:5504: found /usr/bin/pkg-config
configure:5516: result: /usr/bin/pkg-config
configure:5548: checking for library containing abs
configure:5578: gcc -o conftest    conftest.c  >&5
conftest.c:15:6: warning: conflicting types for built-in function 'abs'; expected 'int(int)' [-Wbuiltin-declaration-mismatch]
   15 | char abs ();
      |      ^~~
conftest.c:1:1: note: 'abs' is declared in header '<stdlib.h>'
    1 | /* confdefs.h */
configure:5578: $? = 0
configure:5598: result: none required
configure:5608: checking for library containing crypt
configure:5638: gcc -o conftest    conftest.c  >&5
/usr/bin/ld: /tmp/cci4v7NS.o: in function `main':
conftest.c:(.text+0xe): undefined reference to `crypt'
collect2: error: ld returned 1 exit status
configure:5638: $? = 1
configure: failed program was:
| /* confdefs.h */
| #define PACKAGE_NAME "CUPS"
| #define PACKAGE_TARNAME "cups"
| #define PACKAGE_VERSION "2.4.0"
| #define PACKAGE_STRING "CUPS 2.4.0"
| #define PACKAGE_BUGREPORT "https://github.com/openprinting/cups/issues"
| #define PACKAGE_URL "https://openprinting.github.io/cups"
| #define CUPS_SVERSION "CUPS v2.4.0"
| #define CUPS_MINIMAL "CUPS/2.4.0"
| #define HAVE_ABS 1
| /* end confdefs.h.  */
| 
| /* Override any GCC internal prototype to avoid an error.
|    Use char because int might match the return type of a GCC
|    builtin and then its argument prototype would still apply.  */
| char crypt ();
| int
| main (void)
| {
| return crypt ();
|   ;
|   return 0;
| }
configure:5638: gcc -o conftest    conftest.c -lcrypt   >&5
configure:5638: $? = 0
configure:5658: result: -lcrypt
configure:5667: checking for library containing fmod
configure:5697: gcc -o conftest    conftest.c -lcrypt  >&5
conftest.c:16:6: warning: conflicting types for built-in function 'fmod'; expected 'double(double,  double)' [-Wbuiltin-declaration-mismatch]
   16 | char fmod ();
      |      ^~~~
conftest.c:1:1: note: 'fmod' is declared in header '<math.h>'
    1 | /* confdefs.h */
/usr/bin/ld: /tmp/ccDwMqZF.o: in function `main':
conftest.c:(.text+0xe): undefined reference to `fmod'
collect2: error: ld returned 1 exit status
configure:5697: $? = 1
configure: failed program was:
| /* confdefs.h */
| #define PACKAGE_NAME "CUPS"
| #define PACKAGE_TARNAME "cups"
| #define PACKAGE_VERSION "2.4.0"
| #define PACKAGE_STRING "CUPS 2.4.0"
| #define PACKAGE_BUGREPORT "https://github.com/openprinting/cups/issues"
| #define PACKAGE_URL "https://openprinting.github.io/cups"
| #define CUPS_SVERSION "CUPS v2.4.0"
| #define CUPS_MINIMAL "CUPS/2.4.0"
| #define HAVE_ABS 1
| /* end confdefs.h.  */
| 
| /* Override any GCC internal prototype to avoid an error.
|    Use char because int might match the return type of a GCC
|    builtin and then its argument prototype would still apply.  */
| char fmod ();
| int
| main (void)
| {
| return fmod ();
|   ;
|   return 0;
| }
configure:5697: gcc -o conftest    conftest.c -lm  -lcrypt  >&5
conftest.c:16:6: warning: conflicting types for built-in function 'fmod'; expected 'double(double,  double)' [-Wbuiltin-declaration-mismatch]
   16 | char fmod ();
      |      ^~~~
conftest.c:1:1: note: 'fmod' is declared in header '<math.h>'
    1 | /* confdefs.h */
configure:5697: $? = 0
configure:5717: result: -lm
configure:5726: checking for library containing getspent
configure:5756: gcc -o conftest    conftest.c -lm -lcrypt  >&5
configure:5756: $? = 0
configure:5776: result: none required
configure:5937: checking for stdio.h
configure:5937: gcc -c   conftest.c >&5
configure:5937: $? = 0
configure:5937: result: yes
configure:5937: checking for stdlib.h
configure:5937: gcc -c   conftest.c >&5
configure:5937: $? = 0
configure:5937: result: yes
configure:5937: checking for string.h
configure:5937: gcc -c   conftest.c >&5
configure:5937: $? = 0
configure:5937: result: yes
configure:5937: checking for inttypes.h
configure:5937: gcc -c   conftest.c >&5
configure:5937: $? = 0
configure:5937: result: yes
configure:5937: checking for stdint.h
configure:5937: gcc -c   conftest.c >&5
configure:5937: $? = 0
configure:5937: result: yes
configure:5937: checking for strings.h
configure:5937: gcc -c   conftest.c >&5
configure:5937: $? = 0
configure:5937: result: yes
configure:5937: checking for sys/stat.h
configure:5937: gcc -c   conftest.c >&5
configure:5937: $? = 0
configure:5937: result: yes
configure:5937: checking for sys/types.h
configure:5937: gcc -c   conftest.c >&5
configure:5937: $? = 0
configure:5937: result: yes
configure:5937: checking for unistd.h
configure:5937: gcc -c   conftest.c >&5
configure:5937: $? = 0
configure:5937: result: yes
configure:5962: checking for crypt.h
configure:5962: gcc -c   conftest.c >&5
configure:5962: $? = 0
configure:5962: result: yes
configure:5970: checking for langinfo.h
configure:5970: gcc -c   conftest.c >&5
configure:5970: $? = 0
configure:5970: result: yes
configure:5978: checking for malloc.h
configure:5978: gcc -c   conftest.c >&5
configure:5978: $? = 0
configure:5978: result: yes
configure:5986: checking for shadow.h
configure:5986: gcc -c   conftest.c >&5
configure:5986: $? = 0
configure:5986: result: yes
configure:5994: checking for stdint.h
configure:5994: result: yes
configure:6002: checking for sys/ioctl.h
configure:6002: gcc -c   conftest.c >&5
configure:6002: $? = 0
configure:6002: result: yes
configure:6010: checking for sys/param.h
configure:6010: gcc -c   conftest.c >&5
configure:6010: $? = 0
configure:6010: result: yes
configure:6018: checking for sys/ucred.h
configure:6018: gcc -c   conftest.c >&5
conftest.c:57:10: fatal error: sys/ucred.h: No such file or directory
   57 | #include <sys/ucred.h>
      |          ^~~~~~~~~~~~~
compilation terminated.
configure:6018: $? = 1
configure: failed program was:
| /* confdefs.h */
| #define PACKAGE_NAME "CUPS"
| #define PACKAGE_TARNAME "cups"
| #define PACKAGE_VERSION "2.4.0"
| #define PACKAGE_STRING "CUPS 2.4.0"
| #define PACKAGE_BUGREPORT "https://github.com/openprinting/cups/issues"
| #define PACKAGE_URL "https://openprinting.github.io/cups"
| #define CUPS_SVERSION "CUPS v2.4.0"
| #define CUPS_MINIMAL "CUPS/2.4.0"
| #define HAVE_ABS 1
| #define HAVE_STDIO_H 1
| #define HAVE_STDLIB_H 1
| #define HAVE_STRING_H 1
| #define HAVE_INTTYPES_H 1
| #define HAVE_STDINT_H 1
| #define HAVE_STRINGS_H 1
| #define HAVE_SYS_STAT_H 1
| #define HAVE_SYS_TYPES_H 1
| #define HAVE_UNISTD_H 1
| #define STDC_HEADERS 1
| #define HAVE_CRYPT_H 1
| #define HAVE_LANGINFO_H 1
| #define HAVE_MALLOC_H 1
| #define HAVE_SHADOW_H 1
| #define HAVE_STDINT_H 1
| #define HAVE_SYS_IOCTL_H 1
| #define HAVE_SYS_PARAM_H 1
| /* end confdefs.h.  */
| #include <stddef.h>
| #ifdef HAVE_STDIO_H
| # include <stdio.h>
| #endif
| #ifdef HAVE_STDLIB_H
| # include <stdlib.h>
| #endif
| #ifdef HAVE_STRING_H
| # include <string.h>
| #endif
| #ifdef HAVE_INTTYPES_H
| # include <inttypes.h>
| #endif
| #ifdef HAVE_STDINT_H
| # include <stdint.h>
| #endif
| #ifdef HAVE_STRINGS_H
| # include <strings.h>
| #endif
| #ifdef HAVE_SYS_TYPES_H
| # include <sys/types.h>
| #endif
| #ifdef HAVE_SYS_STAT_H
| # include <sys/stat.h>
| #endif
| #ifdef HAVE_UNISTD_H
| # include <unistd.h>
| #endif
| #include <sys/ucred.h>
configure:6018: result: no
configure:6027: checking for iconv.h
configure:6027: gcc -c   conftest.c >&5
configure:6027: $? = 0
configure:6027: result: yes
configure:6033: checking for library containing iconv_open
configure:6063: gcc -o conftest    conftest.c  >&5
configure:6063: $? = 0
configure:6083: result: none required
configure:6097: checking for library containing libiconv_open
configure:6127: gcc -o conftest    conftest.c  >&5
/usr/bin/ld: /tmp/ccnbwWsP.o: in function `main':
conftest.c:(.text+0xe): undefined reference to `libiconv_open'
collect2: error: ld returned 1 exit status
configure:6127: $? = 1
configure: failed program was:
| /* confdefs.h */
| #define PACKAGE_NAME "CUPS"
| #define PACKAGE_TARNAME "cups"
| #define PACKAGE_VERSION "2.4.0"
| #define PACKAGE_STRING "CUPS 2.4.0"
| #define PACKAGE_BUGREPORT "https://github.com/openprinting/cups/issues"
| #define PACKAGE_URL "https://openprinting.github.io/cups"
| #define CUPS_SVERSION "CUPS v2.4.0"
| #define CUPS_MINIMAL "CUPS/2.4.0"
| #define HAVE_ABS 1
| #define HAVE_STDIO_H 1
| #define HAVE_STDLIB_H 1
| #define HAVE_STRING_H 1
| #define HAVE_INTTYPES_H 1
| #define HAVE_STDINT_H 1
| #define HAVE_STRINGS_H 1
| #define HAVE_SYS_STAT_H 1
| #define HAVE_SYS_TYPES_H 1
| #define HAVE_UNISTD_H 1
| #define STDC_HEADERS 1
| #define HAVE_CRYPT_H 1
| #define HAVE_LANGINFO_H 1
| #define HAVE_MALLOC_H 1
| #define HAVE_SHADOW_H 1
| #define HAVE_STDINT_H 1
| #define HAVE_SYS_IOCTL_H 1
| #define HAVE_SYS_PARAM_H 1
| #define HAVE_ICONV_H 1
| /* end confdefs.h.  */
| 
| /* Override any GCC internal prototype to avoid an error.
|    Use char because int might match the return type of a GCC
|    builtin and then its argument prototype would still apply.  */
| char libiconv_open ();
| int
| main (void)
| {
| return libiconv_open ();
|   ;
|   return 0;
| }
configure:6127: gcc -o conftest    conftest.c -liconv   >&5
/usr/bin/ld: cannot find -liconv
collect2: error: ld returned 1 exit status
configure:6127: $? = 1
configure: failed program was:
| /* confdefs.h */
| #define PACKAGE_NAME "CUPS"
| #define PACKAGE_TARNAME "cups"
| #define PACKAGE_VERSION "2.4.0"
| #define PACKAGE_STRING "CUPS 2.4.0"
| #define PACKAGE_BUGREPORT "https://github.com/openprinting/cups/issues"
| #define PACKAGE_URL "https://openprinting.github.io/cups"
| #define CUPS_SVERSION "CUPS v2.4.0"
| #define CUPS_MINIMAL "CUPS/2.4.0"
| #define HAVE_ABS 1
| #define HAVE_STDIO_H 1
| #define HAVE_STDLIB_H 1
| #define HAVE_STRING_H 1
| #define HAVE_INTTYPES_H 1
| #define HAVE_STDINT_H 1
| #define HAVE_STRINGS_H 1
| #define HAVE_SYS_STAT_H 1
| #define HAVE_SYS_TYPES_H 1
| #define HAVE_UNISTD_H 1
| #define STDC_HEADERS 1
| #define HAVE_CRYPT_H 1
| #define HAVE_LANGINFO_H 1
| #define HAVE_MALLOC_H 1
| #define HAVE_SHADOW_H 1
| #define HAVE_STDINT_H 1
| #define HAVE_SYS_IOCTL_H 1
| #define HAVE_SYS_PARAM_H 1
| #define HAVE_ICONV_H 1
| /* end confdefs.h.  */
| 
| /* Override any GCC internal prototype to avoid an error.
|    Use char because int might match the return type of a GCC
|    builtin and then its argument prototype would still apply.  */
| char libiconv_open ();
| int
| main (void)
| {
| return libiconv_open ();
|   ;
|   return 0;
| }
configure:6147: result: no
configure:6166: checking for sys/mount.h
configure:6166: gcc -c   conftest.c >&5
configure:6166: $? = 0
configure:6166: result: yes
configure:6174: checking for sys/statfs.h
configure:6174: gcc -c   conftest.c >&5
configure:6174: $? = 0
configure:6174: result: yes
configure:6182: checking for sys/statvfs.h
configure:6182: gcc -c   conftest.c >&5
configure:6182: $? = 0
configure:6182: result: yes
configure:6190: checking for sys/vfs.h
configure:6190: gcc -c   conftest.c >&5
configure:6190: $? = 0
configure:6190: result: yes
configure:6198: checking for statfs
configure:6198: gcc -o conftest    conftest.c -lm -lcrypt   >&5
configure:6198: $? = 0
configure:6198: result: yes
configure:6204: checking for statvfs
configure:6204: gcc -o conftest    conftest.c -lm -lcrypt   >&5
configure:6204: $? = 0
configure:6204: result: yes
configure:6212: checking for strdup
configure:6212: gcc -o conftest    conftest.c -lm -lcrypt   >&5
conftest.c:52:6: warning: conflicting types for built-in function 'strdup'; expected 'char *(const char *)' [-Wbuiltin-declaration-mismatch]
   52 | char strdup ();
      |      ^~~~~~
configure:6212: $? = 0
configure:6212: result: yes
configure:6218: checking for snprintf
configure:6218: gcc -o conftest    conftest.c -lm -lcrypt   >&5
conftest.c:53:6: warning: conflicting types for built-in function 'snprintf'; expected 'int(char *, long unsigned int,  const char *, ...)' [-Wbuiltin-declaration-mismatch]
   53 | char snprintf ();
      |      ^~~~~~~~
conftest.c:45:1: note: 'snprintf' is declared in header '<stdio.h>'
   44 | #include <limits.h>
   45 | #undef snprintf
configure:6218: $? = 0
configure:6218: result: yes
configure:6224: checking for vsnprintf
configure:6224: gcc -o conftest    conftest.c -lm -lcrypt   >&5
conftest.c:54:6: warning: conflicting types for built-in function 'vsnprintf'; expected 'int(char *, long unsigned int,  const char *, __va_list_tag *)' [-Wbuiltin-declaration-mismatch]
   54 | char vsnprintf ();
      |      ^~~~~~~~~
conftest.c:46:1: note: 'vsnprintf' is declared in header '<stdio.h>'
   45 | #include <limits.h>
   46 | #undef vsnprintf
configure:6224: $? = 0
configure:6224: result: yes
configure:6231: checking for strlcat
configure:6231: gcc -o conftest    conftest.c -lm -lcrypt   >&5
/usr/bin/ld: /tmp/ccYm7iTu.o: in function `main':
conftest.c:(.text+0xe): undefined reference to `strlcat'
collect2: error: ld returned 1 exit status
configure:6231: $? = 1
configure: failed program was:
| /* confdefs.h */
| #define PACKAGE_NAME "CUPS"
| #define PACKAGE_TARNAME "cups"
| #define PACKAGE_VERSION "2.4.0"
| #define PACKAGE_STRING "CUPS 2.4.0"
| #define PACKAGE_BUGREPORT "https://github.com/openprinting/cups/issues"
| #define PACKAGE_URL "https://openprinting.github.io/cups"
| #define CUPS_SVERSION "CUPS v2.4.0"
| #define CUPS_MINIMAL "CUPS/2.4.0"
| #define HAVE_ABS 1
| #define HAVE_STDIO_H 1
| #define HAVE_STDLIB_H 1
| #define HAVE_STRING_H 1
| #define HAVE_INTTYPES_H 1
| #define HAVE_STDINT_H 1
| #define HAVE_STRINGS_H 1
| #define HAVE_SYS_STAT_H 1
| #define HAVE_SYS_TYPES_H 1
| #define HAVE_UNISTD_H 1
| #define STDC_HEADERS 1
| #define HAVE_CRYPT_H 1
| #define HAVE_LANGINFO_H 1
| #define HAVE_MALLOC_H 1
| #define HAVE_SHADOW_H 1
| #define HAVE_STDINT_H 1
| #define HAVE_SYS_IOCTL_H 1
| #define HAVE_SYS_PARAM_H 1
| #define HAVE_ICONV_H 1
| #define HAVE_SYS_MOUNT_H 1
| #define HAVE_SYS_STATFS_H 1
| #define HAVE_SYS_STATVFS_H 1
| #define HAVE_SYS_VFS_H 1
| #define HAVE_STATFS 1
| #define HAVE_STATVFS 1
| #define HAVE_STRDUP 1
| #define HAVE_SNPRINTF 1
| #define HAVE_VSNPRINTF 1
| /* end confdefs.h.  */
| /* Define strlcat to an innocuous variant, in case <limits.h> declares strlcat.
|    For example, HP-UX 11i <limits.h> declares gettimeofday.  */
| #define strlcat innocuous_strlcat
| 
| /* System header to define __stub macros and hopefully few prototypes,
|    which can conflict with char strlcat (); below.  */
| 
| #include <limits.h>
| #undef strlcat
| 
| /* Override any GCC internal prototype to avoid an error.
|    Use char because int might match the return type of a GCC
|    builtin and then its argument prototype would still apply.  */
| #ifdef __cplusplus
| extern "C"
| #endif
| char strlcat ();
| /* The GNU C library defines this for functions which it implements
|     to always fail with ENOSYS.  Some functions are actually named
|     something starting with __ and the normal name is an alias.  */
| #if defined __stub_strlcat || defined __stub___strlcat
| choke me
| #endif
| 
| int
| main (void)
| {
| return strlcat ();
|   ;
|   return 0;
| }
configure:6231: result: no
configure:6237: checking for strlcpy
configure:6237: gcc -o conftest    conftest.c -lm -lcrypt   >&5
/usr/bin/ld: /tmp/ccgrjnLz.o: in function `main':
conftest.c:(.text+0xe): undefined reference to `strlcpy'
collect2: error: ld returned 1 exit status
configure:6237: $? = 1
configure: failed program was:
| /* confdefs.h */
| #define PACKAGE_NAME "CUPS"
| #define PACKAGE_TARNAME "cups"
| #define PACKAGE_VERSION "2.4.0"
| #define PACKAGE_STRING "CUPS 2.4.0"
| #define PACKAGE_BUGREPORT "https://github.com/openprinting/cups/issues"
| #define PACKAGE_URL "https://openprinting.github.io/cups"
| #define CUPS_SVERSION "CUPS v2.4.0"
| #define CUPS_MINIMAL "CUPS/2.4.0"
| #define HAVE_ABS 1
| #define HAVE_STDIO_H 1
| #define HAVE_STDLIB_H 1
| #define HAVE_STRING_H 1
| #define HAVE_INTTYPES_H 1
| #define HAVE_STDINT_H 1
| #define HAVE_STRINGS_H 1
| #define HAVE_SYS_STAT_H 1
| #define HAVE_SYS_TYPES_H 1
| #define HAVE_UNISTD_H 1
| #define STDC_HEADERS 1
| #define HAVE_CRYPT_H 1
| #define HAVE_LANGINFO_H 1
| #define HAVE_MALLOC_H 1
| #define HAVE_SHADOW_H 1
| #define HAVE_STDINT_H 1
| #define HAVE_SYS_IOCTL_H 1
| #define HAVE_SYS_PARAM_H 1
| #define HAVE_ICONV_H 1
| #define HAVE_SYS_MOUNT_H 1
| #define HAVE_SYS_STATFS_H 1
| #define HAVE_SYS_STATVFS_H 1
| #define HAVE_SYS_VFS_H 1
| #define HAVE_STATFS 1
| #define HAVE_STATVFS 1
| #define HAVE_STRDUP 1
| #define HAVE_SNPRINTF 1
| #define HAVE_VSNPRINTF 1
| /* end confdefs.h.  */
| /* Define strlcpy to an innocuous variant, in case <limits.h> declares strlcpy.
|    For example, HP-UX 11i <limits.h> declares gettimeofday.  */
| #define strlcpy innocuous_strlcpy
| 
| /* System header to define __stub macros and hopefully few prototypes,
|    which can conflict with char strlcpy (); below.  */
| 
| #include <limits.h>
| #undef strlcpy
| 
| /* Override any GCC internal prototype to avoid an error.
|    Use char because int might match the return type of a GCC
|    builtin and then its argument prototype would still apply.  */
| #ifdef __cplusplus
| extern "C"
| #endif
| char strlcpy ();
| /* The GNU C library defines this for functions which it implements
|     to always fail with ENOSYS.  Some functions are actually named
|     something starting with __ and the normal name is an alias.  */
| #if defined __stub_strlcpy || defined __stub___strlcpy
| choke me
| #endif
| 
| int
| main (void)
| {
| return strlcpy ();
|   ;
|   return 0;
| }
configure:6237: result: no
configure:6245: checking for random
configure:6245: gcc -o conftest    conftest.c -lm -lcrypt   >&5
configure:6245: $? = 0
configure:6245: result: yes
configure:6251: checking for lrand48
configure:6251: gcc -o conftest    conftest.c -lm -lcrypt   >&5
configure:6251: $? = 0
configure:6251: result: yes
configure:6257: checking for arc4random
configure:6257: gcc -o conftest    conftest.c -lm -lcrypt   >&5
/usr/bin/ld: /tmp/ccbQ78S8.o: in function `main':
conftest.c:(.text+0xe): undefined reference to `arc4random'
collect2: error: ld returned 1 exit status
configure:6257: $? = 1
configure: failed program was:
| /* confdefs.h */
| #define PACKAGE_NAME "CUPS"
| #define PACKAGE_TARNAME "cups"
| #define PACKAGE_VERSION "2.4.0"
| #define PACKAGE_STRING "CUPS 2.4.0"
| #define PACKAGE_BUGREPORT "https://github.com/openprinting/cups/issues"
| #define PACKAGE_URL "https://openprinting.github.io/cups"
| #define CUPS_SVERSION "CUPS v2.4.0"
| #define CUPS_MINIMAL "CUPS/2.4.0"
| #define HAVE_ABS 1
| #define HAVE_STDIO_H 1
| #define HAVE_STDLIB_H 1
| #define HAVE_STRING_H 1
| #define HAVE_INTTYPES_H 1
| #define HAVE_STDINT_H 1
| #define HAVE_STRINGS_H 1
| #define HAVE_SYS_STAT_H 1
| #define HAVE_SYS_TYPES_H 1
| #define HAVE_UNISTD_H 1
| #define STDC_HEADERS 1
| #define HAVE_CRYPT_H 1
| #define HAVE_LANGINFO_H 1
| #define HAVE_MALLOC_H 1
| #define HAVE_SHADOW_H 1
| #define HAVE_STDINT_H 1
| #define HAVE_SYS_IOCTL_H 1
| #define HAVE_SYS_PARAM_H 1
| #define HAVE_ICONV_H 1
| #define HAVE_SYS_MOUNT_H 1
| #define HAVE_SYS_STATFS_H 1
| #define HAVE_SYS_STATVFS_H 1
| #define HAVE_SYS_VFS_H 1
| #define HAVE_STATFS 1
| #define HAVE_STATVFS 1
| #define HAVE_STRDUP 1
| #define HAVE_SNPRINTF 1
| #define HAVE_VSNPRINTF 1
| #define HAVE_RANDOM 1
| #define HAVE_LRAND48 1
| /* end confdefs.h.  */
| /* Define arc4random to an innocuous variant, in case <limits.h> declares arc4random.
|    For example, HP-UX 11i <limits.h> declares gettimeofday.  */
| #define arc4random innocuous_arc4random
| 
| /* System header to define __stub macros and hopefully few prototypes,
|    which can conflict with char arc4random (); below.  */
| 
| #include <limits.h>
| #undef arc4random
| 
| /* Override any GCC internal prototype to avoid an error.
|    Use char because int might match the return type of a GCC
|    builtin and then its argument prototype would still apply.  */
| #ifdef __cplusplus
| extern "C"
| #endif
| char arc4random ();
| /* The GNU C library defines this for functions which it implements
|     to always fail with ENOSYS.  Some functions are actually named
|     something starting with __ and the normal name is an alias.  */
| #if defined __stub_arc4random || defined __stub___arc4random
| choke me
| #endif
| 
| int
| main (void)
| {
| return arc4random ();
|   ;
|   return 0;
| }
configure:6257: result: no
configure:6265: checking for geteuid
configure:6265: gcc -o conftest    conftest.c -lm -lcrypt   >&5
configure:6265: $? = 0
configure:6265: result: yes
configure:6273: checking for setpgid
configure:6273: gcc -o conftest    conftest.c -lm -lcrypt   >&5
configure:6273: $? = 0
configure:6273: result: yes
configure:6281: checking for vsyslog
configure:6281: gcc -o conftest    conftest.c -lm -lcrypt   >&5
configure:6281: $? = 0
configure:6281: result: yes
configure:6309: checking for sigaction
configure:6309: gcc -o conftest    conftest.c -lm -lcrypt   >&5
configure:6309: $? = 0
configure:6309: result: yes
configure:6317: checking for waitpid
configure:6317: gcc -o conftest    conftest.c -lm -lcrypt   >&5
configure:6317: $? = 0
configure:6317: result: yes
configure:6323: checking for wait3
configure:6323: gcc -o conftest    conftest.c -lm -lcrypt   >&5
configure:6323: $? = 0
configure:6323: result: yes
configure:6331: checking for posix_spawn
configure:6331: gcc -o conftest    conftest.c -lm -lcrypt   >&5
configure:6331: $? = 0
configure:6331: result: yes
configure:6339: checking for getgrouplist
configure:6339: gcc -o conftest    conftest.c -lm -lcrypt   >&5
configure:6339: $? = 0
configure:6339: result: yes
configure:6347: checking for tm_gmtoff member in tm structure
configure:6365: gcc -c   conftest.c >&5
configure:6365: $? = 0
configure:6368: result: yes
configure:6382: checking for st_gen member in stat structure
configure:6400: gcc -c   conftest.c >&5
conftest.c: In function 'main':
conftest.c:57:12: error: 'struct stat' has no member named 'st_gen'; did you mean 'st_dev'?
   57 |  int o = t.st_gen;
      |            ^~~~~~
      |            st_dev
configure:6400: $? = 1
configure: failed program was:
| /* confdefs.h */
| #define PACKAGE_NAME "CUPS"
| #define PACKAGE_TARNAME "cups"
| #define PACKAGE_VERSION "2.4.0"
| #define PACKAGE_STRING "CUPS 2.4.0"
| #define PACKAGE_BUGREPORT "https://github.com/openprinting/cups/issues"
| #define PACKAGE_URL "https://openprinting.github.io/cups"
| #define CUPS_SVERSION "CUPS v2.4.0"
| #define CUPS_MINIMAL "CUPS/2.4.0"
| #define HAVE_ABS 1
| #define HAVE_STDIO_H 1
| #define HAVE_STDLIB_H 1
| #define HAVE_STRING_H 1
| #define HAVE_INTTYPES_H 1
| #define HAVE_STDINT_H 1
| #define HAVE_STRINGS_H 1
| #define HAVE_SYS_STAT_H 1
| #define HAVE_SYS_TYPES_H 1
| #define HAVE_UNISTD_H 1
| #define STDC_HEADERS 1
| #define HAVE_CRYPT_H 1
| #define HAVE_LANGINFO_H 1
| #define HAVE_MALLOC_H 1
| #define HAVE_SHADOW_H 1
| #define HAVE_STDINT_H 1
| #define HAVE_SYS_IOCTL_H 1
| #define HAVE_SYS_PARAM_H 1
| #define HAVE_ICONV_H 1
| #define HAVE_SYS_MOUNT_H 1
| #define HAVE_SYS_STATFS_H 1
| #define HAVE_SYS_STATVFS_H 1
| #define HAVE_SYS_VFS_H 1
| #define HAVE_STATFS 1
| #define HAVE_STATVFS 1
| #define HAVE_STRDUP 1
| #define HAVE_SNPRINTF 1
| #define HAVE_VSNPRINTF 1
| #define HAVE_RANDOM 1
| #define HAVE_LRAND48 1
| #define HAVE_GETEUID 1
| #define HAVE_SETPGID 1
| #define HAVE_VSYSLOG 1
| #define HAVE_SIGACTION 1
| #define HAVE_WAITPID 1
| #define HAVE_WAIT3 1
| #define HAVE_POSIX_SPAWN 1
| #define HAVE_GETGROUPLIST 1
| #define HAVE_TM_GMTOFF 1
| /* end confdefs.h.  */
| 
|     #include <sys/stat.h>
| int
| main (void)
| {
| 
|         struct stat t;
| 	int o = t.st_gen;
| 
|   ;
|   return 0;
| }
| 
configure:6411: result: no
configure:6417: checking for removefile
configure:6417: gcc -o conftest    conftest.c -lm -lcrypt   >&5
/usr/bin/ld: /tmp/ccHQPeaw.o: in function `main':
conftest.c:(.text+0xe): undefined reference to `removefile'
collect2: error: ld returned 1 exit status
configure:6417: $? = 1
configure: failed program was:
| /* confdefs.h */
| #define PACKAGE_NAME "CUPS"
| #define PACKAGE_TARNAME "cups"
| #define PACKAGE_VERSION "2.4.0"
| #define PACKAGE_STRING "CUPS 2.4.0"
| #define PACKAGE_BUGREPORT "https://github.com/openprinting/cups/issues"
| #define PACKAGE_URL "https://openprinting.github.io/cups"
| #define CUPS_SVERSION "CUPS v2.4.0"
| #define CUPS_MINIMAL "CUPS/2.4.0"
| #define HAVE_ABS 1
| #define HAVE_STDIO_H 1
| #define HAVE_STDLIB_H 1
| #define HAVE_STRING_H 1
| #define HAVE_INTTYPES_H 1
| #define HAVE_STDINT_H 1
| #define HAVE_STRINGS_H 1
| #define HAVE_SYS_STAT_H 1
| #define HAVE_SYS_TYPES_H 1
| #define HAVE_UNISTD_H 1
| #define STDC_HEADERS 1
| #define HAVE_CRYPT_H 1
| #define HAVE_LANGINFO_H 1
| #define HAVE_MALLOC_H 1
| #define HAVE_SHADOW_H 1
| #define HAVE_STDINT_H 1
| #define HAVE_SYS_IOCTL_H 1
| #define HAVE_SYS_PARAM_H 1
| #define HAVE_ICONV_H 1
| #define HAVE_SYS_MOUNT_H 1
| #define HAVE_SYS_STATFS_H 1
| #define HAVE_SYS_STATVFS_H 1
| #define HAVE_SYS_VFS_H 1
| #define HAVE_STATFS 1
| #define HAVE_STATVFS 1
| #define HAVE_STRDUP 1
| #define HAVE_SNPRINTF 1
| #define HAVE_VSNPRINTF 1
| #define HAVE_RANDOM 1
| #define HAVE_LRAND48 1
| #define HAVE_GETEUID 1
| #define HAVE_SETPGID 1
| #define HAVE_VSYSLOG 1
| #define HAVE_SIGACTION 1
| #define HAVE_WAITPID 1
| #define HAVE_WAIT3 1
| #define HAVE_POSIX_SPAWN 1
| #define HAVE_GETGROUPLIST 1
| #define HAVE_TM_GMTOFF 1
| /* end confdefs.h.  */
| /* Define removefile to an innocuous variant, in case <limits.h> declares removefile.
|    For example, HP-UX 11i <limits.h> declares gettimeofday.  */
| #define removefile innocuous_removefile
| 
| /* System header to define __stub macros and hopefully few prototypes,
|    which can conflict with char removefile (); below.  */
| 
| #include <limits.h>
| #undef removefile
| 
| /* Override any GCC internal prototype to avoid an error.
|    Use char because int might match the return type of a GCC
|    builtin and then its argument prototype would still apply.  */
| #ifdef __cplusplus
| extern "C"
| #endif
| char removefile ();
| /* The GNU C library defines this for functions which it implements
|     to always fail with ENOSYS.  Some functions are actually named
|     something starting with __ and the normal name is an alias.  */
| #if defined __stub_removefile || defined __stub___removefile
| choke me
| #endif
| 
| int
| main (void)
| {
| return removefile ();
|   ;
|   return 0;
| }
configure:6417: result: no
configure:6443: checking for libusb-1.0
configure:6448: result: yes
configure:6549: checking for zlib.h
configure:6549: gcc -c  -I/usr/include/libusb-1.0  conftest.c >&5
configure:6549: $? = 0
configure:6549: result: yes
configure:6553: checking for gzgets in -lz
configure:6576: gcc -o conftest  -I/usr/include/libusb-1.0   conftest.c -lz  -lm -lcrypt   >&5
configure:6576: $? = 0
configure:6586: result: yes
configure:6596: checking for inflateCopy in -lz
configure:6619: gcc -o conftest  -I/usr/include/libusb-1.0   conftest.c -lz  -lm -lcrypt   -lz >&5
configure:6619: $? = 0
configure:6629: result: yes
configure:6687: checking for library containing acl_init
configure:6717: gcc -o conftest  -I/usr/include/libusb-1.0   conftest.c  >&5
/usr/bin/ld: /tmp/cclMB85R.o: in function `main':
conftest.c:(.text+0xe): undefined reference to `acl_init'
collect2: error: ld returned 1 exit status
configure:6717: $? = 1
configure: failed program was:
| /* confdefs.h */
| #define PACKAGE_NAME "CUPS"
| #define PACKAGE_TARNAME "cups"
| #define PACKAGE_VERSION "2.4.0"
| #define PACKAGE_STRING "CUPS 2.4.0"
| #define PACKAGE_BUGREPORT "https://github.com/openprinting/cups/issues"
| #define PACKAGE_URL "https://openprinting.github.io/cups"
| #define CUPS_SVERSION "CUPS v2.4.0"
| #define CUPS_MINIMAL "CUPS/2.4.0"
| #define HAVE_ABS 1
| #define HAVE_STDIO_H 1
| #define HAVE_STDLIB_H 1
| #define HAVE_STRING_H 1
| #define HAVE_INTTYPES_H 1
| #define HAVE_STDINT_H 1
| #define HAVE_STRINGS_H 1
| #define HAVE_SYS_STAT_H 1
| #define HAVE_SYS_TYPES_H 1
| #define HAVE_UNISTD_H 1
| #define STDC_HEADERS 1
| #define HAVE_CRYPT_H 1
| #define HAVE_LANGINFO_H 1
| #define HAVE_MALLOC_H 1
| #define HAVE_SHADOW_H 1
| #define HAVE_STDINT_H 1
| #define HAVE_SYS_IOCTL_H 1
| #define HAVE_SYS_PARAM_H 1
| #define HAVE_ICONV_H 1
| #define HAVE_SYS_MOUNT_H 1
| #define HAVE_SYS_STATFS_H 1
| #define HAVE_SYS_STATVFS_H 1
| #define HAVE_SYS_VFS_H 1
| #define HAVE_STATFS 1
| #define HAVE_STATVFS 1
| #define HAVE_STRDUP 1
| #define HAVE_SNPRINTF 1
| #define HAVE_VSNPRINTF 1
| #define HAVE_RANDOM 1
| #define HAVE_LRAND48 1
| #define HAVE_GETEUID 1
| #define HAVE_SETPGID 1
| #define HAVE_VSYSLOG 1
| #define HAVE_SIGACTION 1
| #define HAVE_WAITPID 1
| #define HAVE_WAIT3 1
| #define HAVE_POSIX_SPAWN 1
| #define HAVE_GETGROUPLIST 1
| #define HAVE_TM_GMTOFF 1
| #define HAVE_LIBUSB 1
| #define HAVE_LIBZ 1
| #define HAVE_INFLATECOPY 1
| /* end confdefs.h.  */
| 
| /* Override any GCC internal prototype to avoid an error.
|    Use char because int might match the return type of a GCC
|    builtin and then its argument prototype would still apply.  */
| char acl_init ();
| int
| main (void)
| {
| return acl_init ();
|   ;
|   return 0;
| }
configure:6717: gcc -o conftest  -I/usr/include/libusb-1.0   conftest.c -lacl   >&5
/usr/bin/ld: cannot find -lacl
collect2: error: ld returned 1 exit status
configure:6717: $? = 1
configure: failed program was:
| /* confdefs.h */
| #define PACKAGE_NAME "CUPS"
| #define PACKAGE_TARNAME "cups"
| #define PACKAGE_VERSION "2.4.0"
| #define PACKAGE_STRING "CUPS 2.4.0"
| #define PACKAGE_BUGREPORT "https://github.com/openprinting/cups/issues"
| #define PACKAGE_URL "https://openprinting.github.io/cups"
| #define CUPS_SVERSION "CUPS v2.4.0"
| #define CUPS_MINIMAL "CUPS/2.4.0"
| #define HAVE_ABS 1
| #define HAVE_STDIO_H 1
| #define HAVE_STDLIB_H 1
| #define HAVE_STRING_H 1
| #define HAVE_INTTYPES_H 1
| #define HAVE_STDINT_H 1
| #define HAVE_STRINGS_H 1
| #define HAVE_SYS_STAT_H 1
| #define HAVE_SYS_TYPES_H 1
| #define HAVE_UNISTD_H 1
| #define STDC_HEADERS 1
| #define HAVE_CRYPT_H 1
| #define HAVE_LANGINFO_H 1
| #define HAVE_MALLOC_H 1
| #define HAVE_SHADOW_H 1
| #define HAVE_STDINT_H 1
| #define HAVE_SYS_IOCTL_H 1
| #define HAVE_SYS_PARAM_H 1
| #define HAVE_ICONV_H 1
| #define HAVE_SYS_MOUNT_H 1
| #define HAVE_SYS_STATFS_H 1
| #define HAVE_SYS_STATVFS_H 1
| #define HAVE_SYS_VFS_H 1
| #define HAVE_STATFS 1
| #define HAVE_STATVFS 1
| #define HAVE_STRDUP 1
| #define HAVE_SNPRINTF 1
| #define HAVE_VSNPRINTF 1
| #define HAVE_RANDOM 1
| #define HAVE_LRAND48 1
| #define HAVE_GETEUID 1
| #define HAVE_SETPGID 1
| #define HAVE_VSYSLOG 1
| #define HAVE_SIGACTION 1
| #define HAVE_WAITPID 1
| #define HAVE_WAIT3 1
| #define HAVE_POSIX_SPAWN 1
| #define HAVE_GETGROUPLIST 1
| #define HAVE_TM_GMTOFF 1
| #define HAVE_LIBUSB 1
| #define HAVE_LIBZ 1
| #define HAVE_INFLATECOPY 1
| /* end confdefs.h.  */
| 
| /* Override any GCC internal prototype to avoid an error.
|    Use char because int might match the return type of a GCC
|    builtin and then its argument prototype would still apply.  */
| char acl_init ();
| int
| main (void)
| {
| return acl_init ();
|   ;
|   return 0;
| }
configure:6737: result: no
configure:6778: checking for DBUS
configure:6783: result: yes
configure:6794: checking for dbus_message_iter_init_append
configure:6794: gcc -o conftest  -I/usr/include/libusb-1.0 -I/usr/include/dbus-1.0 -I/usr/lib/x86_64-linux-gnu/dbus-1.0/include -DDBUS_API_SUBJECT_TO_CHANGE   conftest.c -lm -lcrypt   -lz -ldbus-1 >&5
configure:6794: $? = 0
configure:6794: result: yes
configure:6804: checking for dbus_threads_init_default
configure:6804: gcc -o conftest  -I/usr/include/libusb-1.0 -I/usr/include/dbus-1.0 -I/usr/lib/x86_64-linux-gnu/dbus-1.0/include -DDBUS_API_SUBJECT_TO_CHANGE   conftest.c -lm -lcrypt   -lz -ldbus-1 >&5
configure:6804: $? = 0
configure:6804: result: yes
configure:8067: checking whether compiler supports -fstack-protector
configure:8082: gcc -o conftest  -I/usr/include/libusb-1.0 -I/usr/include/dbus-1.0 -I/usr/lib/x86_64-linux-gnu/dbus-1.0/include -DDBUS_API_SUBJECT_TO_CHANGE -D_FORTIFY_SOURCE=2 -fstack-protector   conftest.c -lm -lcrypt   -lz >&5
configure:8082: $? = 0
configure:8096: result: yes
configure:8117: checking whether compiler supports -fPIE
configure:8164: gcc -c  -I/usr/include/libusb-1.0 -I/usr/include/dbus-1.0 -I/usr/lib/x86_64-linux-gnu/dbus-1.0/include -DDBUS_API_SUBJECT_TO_CHANGE -D_FORTIFY_SOURCE=2 -fPIE -pie  conftest.c >&5
configure:8164: $? = 0
configure:8168: result: yes
configure:8189: checking whether compiler supports -Wno-char-subscripts
configure:8206: gcc -c  -I/usr/include/libusb-1.0 -I/usr/include/dbus-1.0 -I/usr/lib/x86_64-linux-gnu/dbus-1.0/include -DDBUS_API_SUBJECT_TO_CHANGE -D_FORTIFY_SOURCE=2 -Wno-char-subscripts -Werror  conftest.c >&5
configure:8206: $? = 0
configure:8209: result: yes
configure:8189: checking whether compiler supports -Wno-deprecated-declarations
configure:8206: gcc -c  -I/usr/include/libusb-1.0 -I/usr/include/dbus-1.0 -I/usr/lib/x86_64-linux-gnu/dbus-1.0/include -DDBUS_API_SUBJECT_TO_CHANGE -D_FORTIFY_SOURCE=2 -Wno-deprecated-declarations -Werror  conftest.c >&5
configure:8206: $? = 0
configure:8209: result: yes
configure:8189: checking whether compiler supports -Wno-format-truncation
configure:8206: gcc -c  -I/usr/include/libusb-1.0 -I/usr/include/dbus-1.0 -I/usr/lib/x86_64-linux-gnu/dbus-1.0/include -DDBUS_API_SUBJECT_TO_CHANGE -D_FORTIFY_SOURCE=2 -Wno-format-truncation -Werror  conftest.c >&5
configure:8206: $? = 0
configure:8209: result: yes
configure:8189: checking whether compiler supports -Wno-format-y2k
configure:8206: gcc -c  -I/usr/include/libusb-1.0 -I/usr/include/dbus-1.0 -I/usr/lib/x86_64-linux-gnu/dbus-1.0/include -DDBUS_API_SUBJECT_TO_CHANGE -D_FORTIFY_SOURCE=2 -Wno-format-y2k -Werror  conftest.c >&5
configure:8206: $? = 0
configure:8209: result: yes
configure:8189: checking whether compiler supports -Wno-switch
configure:8206: gcc -c  -I/usr/include/libusb-1.0 -I/usr/include/dbus-1.0 -I/usr/lib/x86_64-linux-gnu/dbus-1.0/include -DDBUS_API_SUBJECT_TO_CHANGE -D_FORTIFY_SOURCE=2 -Wno-switch -Werror  conftest.c >&5
configure:8206: $? = 0
configure:8209: result: yes
configure:8189: checking whether compiler supports -Wno-unused-result
configure:8206: gcc -c  -I/usr/include/libusb-1.0 -I/usr/include/dbus-1.0 -I/usr/lib/x86_64-linux-gnu/dbus-1.0/include -DDBUS_API_SUBJECT_TO_CHANGE -D_FORTIFY_SOURCE=2 -Wno-unused-result -Werror  conftest.c >&5
configure:8206: $? = 0
configure:8209: result: yes
configure:8292: checking for resolv.h
configure:8292: gcc -c  -I/usr/include/libusb-1.0 -I/usr/include/dbus-1.0 -I/usr/lib/x86_64-linux-gnu/dbus-1.0/include -DDBUS_API_SUBJECT_TO_CHANGE -D_FORTIFY_SOURCE=2  conftest.c >&5
configure:8292: $? = 0
configure:8292: result: yes
configure:8311: checking for library containing socket
configure:8341: gcc -o conftest  -I/usr/include/libusb-1.0 -I/usr/include/dbus-1.0 -I/usr/lib/x86_64-linux-gnu/dbus-1.0/include -DDBUS_API_SUBJECT_TO_CHANGE -D_FORTIFY_SOURCE=2   conftest.c -lm -lcrypt   -lz >&5
configure:8341: $? = 0
configure:8361: result: none required
configure:8370: checking for library containing gethostbyaddr
configure:8400: gcc -o conftest  -I/usr/include/libusb-1.0 -I/usr/include/dbus-1.0 -I/usr/lib/x86_64-linux-gnu/dbus-1.0/include -DDBUS_API_SUBJECT_TO_CHANGE -D_FORTIFY_SOURCE=2   conftest.c -lm -lcrypt   -lz >&5
configure:8400: $? = 0
configure:8420: result: none required
configure:8429: checking for library containing getifaddrs
configure:8459: gcc -o conftest  -I/usr/include/libusb-1.0 -I/usr/include/dbus-1.0 -I/usr/lib/x86_64-linux-gnu/dbus-1.0/include -DDBUS_API_SUBJECT_TO_CHANGE -D_FORTIFY_SOURCE=2   conftest.c -lm -lcrypt   -lz >&5
configure:8459: $? = 0
configure:8479: result: none required
configure:8492: checking for library containing hstrerror
configure:8522: gcc -o conftest  -I/usr/include/libusb-1.0 -I/usr/include/dbus-1.0 -I/usr/lib/x86_64-linux-gnu/dbus-1.0/include -DDBUS_API_SUBJECT_TO_CHANGE -D_FORTIFY_SOURCE=2   conftest.c -lm -lcrypt   -lz >&5
configure:8522: $? = 0
configure:8542: result: none required
configure:8555: checking for library containing rresvport_af
configure:8585: gcc -o conftest  -I/usr/include/libusb-1.0 -I/usr/include/dbus-1.0 -I/usr/lib/x86_64-linux-gnu/dbus-1.0/include -DDBUS_API_SUBJECT_TO_CHANGE -D_FORTIFY_SOURCE=2   conftest.c -lm -lcrypt   -lz >&5
configure:8585: $? = 0
configure:8605: result: none required
configure:8618: checking for library containing __res_init
configure:8648: gcc -o conftest  -I/usr/include/libusb-1.0 -I/usr/include/dbus-1.0 -I/usr/lib/x86_64-linux-gnu/dbus-1.0/include -DDBUS_API_SUBJECT_TO_CHANGE -D_FORTIFY_SOURCE=2   conftest.c -lm -lcrypt   -lz >&5
configure:8648: $? = 0
configure:8668: result: none required
configure:8814: checking for library containing getaddrinfo
configure:8844: gcc -o conftest  -I/usr/include/libusb-1.0 -I/usr/include/dbus-1.0 -I/usr/lib/x86_64-linux-gnu/dbus-1.0/include -DDBUS_API_SUBJECT_TO_CHANGE -D_FORTIFY_SOURCE=2   conftest.c -lm -lcrypt   -lz >&5
configure:8844: $? = 0
configure:8864: result: none required
configure:8877: checking for library containing getnameinfo
configure:8907: gcc -o conftest  -I/usr/include/libusb-1.0 -I/usr/include/dbus-1.0 -I/usr/lib/x86_64-linux-gnu/dbus-1.0/include -DDBUS_API_SUBJECT_TO_CHANGE -D_FORTIFY_SOURCE=2   conftest.c -lm -lcrypt   -lz >&5
configure:8907: $? = 0
configure:8927: result: none required
configure:8941: checking for struct sockaddr.sa_len
configure:8941: gcc -c  -I/usr/include/libusb-1.0 -I/usr/include/dbus-1.0 -I/usr/lib/x86_64-linux-gnu/dbus-1.0/include -DDBUS_API_SUBJECT_TO_CHANGE -D_FORTIFY_SOURCE=2  conftest.c >&5
conftest.c: In function 'main':
conftest.c:83:12: error: 'struct sockaddr' has no member named 'sa_len'
   83 | if (ac_aggr.sa_len)
      |            ^
configure:8941: $? = 1
configure: failed program was:
| /* confdefs.h */
| #define PACKAGE_NAME "CUPS"
| #define PACKAGE_TARNAME "cups"
| #define PACKAGE_VERSION "2.4.0"
| #define PACKAGE_STRING "CUPS 2.4.0"
| #define PACKAGE_BUGREPORT "https://github.com/openprinting/cups/issues"
| #define PACKAGE_URL "https://openprinting.github.io/cups"
| #define CUPS_SVERSION "CUPS v2.4.0"
| #define CUPS_MINIMAL "CUPS/2.4.0"
| #define HAVE_ABS 1
| #define HAVE_STDIO_H 1
| #define HAVE_STDLIB_H 1
| #define HAVE_STRING_H 1
| #define HAVE_INTTYPES_H 1
| #define HAVE_STDINT_H 1
| #define HAVE_STRINGS_H 1
| #define HAVE_SYS_STAT_H 1
| #define HAVE_SYS_TYPES_H 1
| #define HAVE_UNISTD_H 1
| #define STDC_HEADERS 1
| #define HAVE_CRYPT_H 1
| #define HAVE_LANGINFO_H 1
| #define HAVE_MALLOC_H 1
| #define HAVE_SHADOW_H 1
| #define HAVE_STDINT_H 1
| #define HAVE_SYS_IOCTL_H 1
| #define HAVE_SYS_PARAM_H 1
| #define HAVE_ICONV_H 1
| #define HAVE_SYS_MOUNT_H 1
| #define HAVE_SYS_STATFS_H 1
| #define HAVE_SYS_STATVFS_H 1
| #define HAVE_SYS_VFS_H 1
| #define HAVE_STATFS 1
| #define HAVE_STATVFS 1
| #define HAVE_STRDUP 1
| #define HAVE_SNPRINTF 1
| #define HAVE_VSNPRINTF 1
| #define HAVE_RANDOM 1
| #define HAVE_LRAND48 1
| #define HAVE_GETEUID 1
| #define HAVE_SETPGID 1
| #define HAVE_VSYSLOG 1
| #define HAVE_SIGACTION 1
| #define HAVE_WAITPID 1
| #define HAVE_WAIT3 1
| #define HAVE_POSIX_SPAWN 1
| #define HAVE_GETGROUPLIST 1
| #define HAVE_TM_GMTOFF 1
| #define HAVE_LIBUSB 1
| #define HAVE_LIBZ 1
| #define HAVE_INFLATECOPY 1
| #define HAVE_DBUS 1
| #define HAVE_DBUS_MESSAGE_ITER_INIT_APPEND 1
| #define HAVE_DBUS_THREADS_INIT 1
| #define CUPS_DEFAULT_PRINTOPERATOR_AUTH "@SYSTEM"
| #define CUPS_DEFAULT_SYSTEM_AUTHKEY ""
| #define CUPS_BINDIR "/usr/bin"
| #define CUPS_SBINDIR "/usr/sbin"
| #define CUPS_CACHEDIR "/var/cache/cups"
| #define CUPS_DATADIR "/usr/share/cups"
| #define CUPS_DOCROOT "/usr/share/doc/cups"
| #define CUPS_LOCALEDIR "/usr/share/locale"
| #define CUPS_PKGCONFPATH "/usr/lib/pkgconfig"
| #define CUPS_LOGDIR "/var/log/cups"
| #define CUPS_REQUESTS "/var/spool/cups"
| #define CUPS_SERVERBIN "/usr/lib/cups"
| #define CUPS_SERVERROOT "/etc/cups"
| #define CUPS_STATEDIR "/var/run/cups"
| #define HAVE_RESOLV_H 1
| #define HAVE_GETIFADDRS 1
| #define HAVE_HSTRERROR 1
| #define HAVE_RRESVPORT_AF 1
| #define HAVE_RES_INIT 1
| #define HAVE_GETADDRINFO 1
| #define HAVE_GETNAMEINFO 1
| /* end confdefs.h.  */
| #include <sys/socket.h>
| 
| int
| main (void)
| {
| static struct sockaddr ac_aggr;
| if (ac_aggr.sa_len)
| return 0;
|   ;
|   return 0;
| }
configure:8941: gcc -c  -I/usr/include/libusb-1.0 -I/usr/include/dbus-1.0 -I/usr/lib/x86_64-linux-gnu/dbus-1.0/include -DDBUS_API_SUBJECT_TO_CHANGE -D_FORTIFY_SOURCE=2  conftest.c >&5
conftest.c: In function 'main':
conftest.c:83:19: error: 'struct sockaddr' has no member named 'sa_len'
   83 | if (sizeof ac_aggr.sa_len)
      |                   ^
configure:8941: $? = 1
configure: failed program was:
| /* confdefs.h */
| #define PACKAGE_NAME "CUPS"
| #define PACKAGE_TARNAME "cups"
| #define PACKAGE_VERSION "2.4.0"
| #define PACKAGE_STRING "CUPS 2.4.0"
| #define PACKAGE_BUGREPORT "https://github.com/openprinting/cups/issues"
| #define PACKAGE_URL "https://openprinting.github.io/cups"
| #define CUPS_SVERSION "CUPS v2.4.0"
| #define CUPS_MINIMAL "CUPS/2.4.0"
| #define HAVE_ABS 1
| #define HAVE_STDIO_H 1
| #define HAVE_STDLIB_H 1
| #define HAVE_STRING_H 1
| #define HAVE_INTTYPES_H 1
| #define HAVE_STDINT_H 1
| #define HAVE_STRINGS_H 1
| #define HAVE_SYS_STAT_H 1
| #define HAVE_SYS_TYPES_H 1
| #define HAVE_UNISTD_H 1
| #define STDC_HEADERS 1
| #define HAVE_CRYPT_H 1
| #define HAVE_LANGINFO_H 1
| #define HAVE_MALLOC_H 1
| #define HAVE_SHADOW_H 1
| #define HAVE_STDINT_H 1
| #define HAVE_SYS_IOCTL_H 1
| #define HAVE_SYS_PARAM_H 1
| #define HAVE_ICONV_H 1
| #define HAVE_SYS_MOUNT_H 1
| #define HAVE_SYS_STATFS_H 1
| #define HAVE_SYS_STATVFS_H 1
| #define HAVE_SYS_VFS_H 1
| #define HAVE_STATFS 1
| #define HAVE_STATVFS 1
| #define HAVE_STRDUP 1
| #define HAVE_SNPRINTF 1
| #define HAVE_VSNPRINTF 1
| #define HAVE_RANDOM 1
| #define HAVE_LRAND48 1
| #define HAVE_GETEUID 1
| #define HAVE_SETPGID 1
| #define HAVE_VSYSLOG 1
| #define HAVE_SIGACTION 1
| #define HAVE_WAITPID 1
| #define HAVE_WAIT3 1
| #define HAVE_POSIX_SPAWN 1
| #define HAVE_GETGROUPLIST 1
| #define HAVE_TM_GMTOFF 1
| #define HAVE_LIBUSB 1
| #define HAVE_LIBZ 1
| #define HAVE_INFLATECOPY 1
| #define HAVE_DBUS 1
| #define HAVE_DBUS_MESSAGE_ITER_INIT_APPEND 1
| #define HAVE_DBUS_THREADS_INIT 1
| #define CUPS_DEFAULT_PRINTOPERATOR_AUTH "@SYSTEM"
| #define CUPS_DEFAULT_SYSTEM_AUTHKEY ""
| #define CUPS_BINDIR "/usr/bin"
| #define CUPS_SBINDIR "/usr/sbin"
| #define CUPS_CACHEDIR "/var/cache/cups"
| #define CUPS_DATADIR "/usr/share/cups"
| #define CUPS_DOCROOT "/usr/share/doc/cups"
| #define CUPS_LOCALEDIR "/usr/share/locale"
| #define CUPS_PKGCONFPATH "/usr/lib/pkgconfig"
| #define CUPS_LOGDIR "/var/log/cups"
| #define CUPS_REQUESTS "/var/spool/cups"
| #define CUPS_SERVERBIN "/usr/lib/cups"
| #define CUPS_SERVERROOT "/etc/cups"
| #define CUPS_STATEDIR "/var/run/cups"
| #define HAVE_RESOLV_H 1
| #define HAVE_GETIFADDRS 1
| #define HAVE_HSTRERROR 1
| #define HAVE_RRESVPORT_AF 1
| #define HAVE_RES_INIT 1
| #define HAVE_GETADDRINFO 1
| #define HAVE_GETNAMEINFO 1
| /* end confdefs.h.  */
| #include <sys/socket.h>
| 
| int
| main (void)
| {
| static struct sockaddr ac_aggr;
| if (sizeof ac_aggr.sa_len)
| return 0;
|   ;
|   return 0;
| }
configure:8941: result: no
configure:8948: checking for sys/sockio.h
configure:8948: gcc -c  -I/usr/include/libusb-1.0 -I/usr/include/dbus-1.0 -I/usr/lib/x86_64-linux-gnu/dbus-1.0/include -DDBUS_API_SUBJECT_TO_CHANGE -D_FORTIFY_SOURCE=2  conftest.c >&5
conftest.c:105:10: fatal error: sys/sockio.h: No such file or directory
  105 | #include <sys/sockio.h>
      |          ^~~~~~~~~~~~~~
compilation terminated.
configure:8948: $? = 1
configure: failed program was:
| /* confdefs.h */
| #define PACKAGE_NAME "CUPS"
| #define PACKAGE_TARNAME "cups"
| #define PACKAGE_VERSION "2.4.0"
| #define PACKAGE_STRING "CUPS 2.4.0"
| #define PACKAGE_BUGREPORT "https://github.com/openprinting/cups/issues"
| #define PACKAGE_URL "https://openprinting.github.io/cups"
| #define CUPS_SVERSION "CUPS v2.4.0"
| #define CUPS_MINIMAL "CUPS/2.4.0"
| #define HAVE_ABS 1
| #define HAVE_STDIO_H 1
| #define HAVE_STDLIB_H 1
| #define HAVE_STRING_H 1
| #define HAVE_INTTYPES_H 1
| #define HAVE_STDINT_H 1
| #define HAVE_STRINGS_H 1
| #define HAVE_SYS_STAT_H 1
| #define HAVE_SYS_TYPES_H 1
| #define HAVE_UNISTD_H 1
| #define STDC_HEADERS 1
| #define HAVE_CRYPT_H 1
| #define HAVE_LANGINFO_H 1
| #define HAVE_MALLOC_H 1
| #define HAVE_SHADOW_H 1
| #define HAVE_STDINT_H 1
| #define HAVE_SYS_IOCTL_H 1
| #define HAVE_SYS_PARAM_H 1
| #define HAVE_ICONV_H 1
| #define HAVE_SYS_MOUNT_H 1
| #define HAVE_SYS_STATFS_H 1
| #define HAVE_SYS_STATVFS_H 1
| #define HAVE_SYS_VFS_H 1
| #define HAVE_STATFS 1
| #define HAVE_STATVFS 1
| #define HAVE_STRDUP 1
| #define HAVE_SNPRINTF 1
| #define HAVE_VSNPRINTF 1
| #define HAVE_RANDOM 1
| #define HAVE_LRAND48 1
| #define HAVE_GETEUID 1
| #define HAVE_SETPGID 1
| #define HAVE_VSYSLOG 1
| #define HAVE_SIGACTION 1
| #define HAVE_WAITPID 1
| #define HAVE_WAIT3 1
| #define HAVE_POSIX_SPAWN 1
| #define HAVE_GETGROUPLIST 1
| #define HAVE_TM_GMTOFF 1
| #define HAVE_LIBUSB 1
| #define HAVE_LIBZ 1
| #define HAVE_INFLATECOPY 1
| #define HAVE_DBUS 1
| #define HAVE_DBUS_MESSAGE_ITER_INIT_APPEND 1
| #define HAVE_DBUS_THREADS_INIT 1
| #define CUPS_DEFAULT_PRINTOPERATOR_AUTH "@SYSTEM"
| #define CUPS_DEFAULT_SYSTEM_AUTHKEY ""
| #define CUPS_BINDIR "/usr/bin"
| #define CUPS_SBINDIR "/usr/sbin"
| #define CUPS_CACHEDIR "/var/cache/cups"
| #define CUPS_DATADIR "/usr/share/cups"
| #define CUPS_DOCROOT "/usr/share/doc/cups"
| #define CUPS_LOCALEDIR "/usr/share/locale"
| #define CUPS_PKGCONFPATH "/usr/lib/pkgconfig"
| #define CUPS_LOGDIR "/var/log/cups"
| #define CUPS_REQUESTS "/var/spool/cups"
| #define CUPS_SERVERBIN "/usr/lib/cups"
| #define CUPS_SERVERROOT "/etc/cups"
| #define CUPS_STATEDIR "/var/run/cups"
| #define HAVE_RESOLV_H 1
| #define HAVE_GETIFADDRS 1
| #define HAVE_HSTRERROR 1
| #define HAVE_RRESVPORT_AF 1
| #define HAVE_RES_INIT 1
| #define HAVE_GETADDRINFO 1
| #define HAVE_GETNAMEINFO 1
| /* end confdefs.h.  */
| #include <stddef.h>
| #ifdef HAVE_STDIO_H
| # include <stdio.h>
| #endif
| #ifdef HAVE_STDLIB_H
| # include <stdlib.h>
| #endif
| #ifdef HAVE_STRING_H
| # include <string.h>
| #endif
| #ifdef HAVE_INTTYPES_H
| # include <inttypes.h>
| #endif
| #ifdef HAVE_STDINT_H
| # include <stdint.h>
| #endif
| #ifdef HAVE_STRINGS_H
| # include <strings.h>
| #endif
| #ifdef HAVE_SYS_TYPES_H
| # include <sys/types.h>
| #endif
| #ifdef HAVE_SYS_STAT_H
| # include <sys/stat.h>
| #endif
| #ifdef HAVE_UNISTD_H
| # include <unistd.h>
| #endif
| #include <sys/sockio.h>
configure:8948: result: no
configure:9018: checking for poll
configure:9018: gcc -o conftest  -I/usr/include/libusb-1.0 -I/usr/include/dbus-1.0 -I/usr/lib/x86_64-linux-gnu/dbus-1.0/include -DDBUS_API_SUBJECT_TO_CHANGE -D_FORTIFY_SOURCE=2   conftest.c -lm -lcrypt   -lz >&5
configure:9018: $? = 0
configure:9018: result: yes
configure:9028: checking for epoll_create
configure:9028: gcc -o conftest  -I/usr/include/libusb-1.0 -I/usr/include/dbus-1.0 -I/usr/lib/x86_64-linux-gnu/dbus-1.0/include -DDBUS_API_SUBJECT_TO_CHANGE -D_FORTIFY_SOURCE=2   conftest.c -lm -lcrypt   -lz >&5
configure:9028: $? = 0
configure:9028: result: yes
configure:9038: checking for kqueue
configure:9038: gcc -o conftest  -I/usr/include/libusb-1.0 -I/usr/include/dbus-1.0 -I/usr/lib/x86_64-linux-gnu/dbus-1.0/include -DDBUS_API_SUBJECT_TO_CHANGE -D_FORTIFY_SOURCE=2   conftest.c -lm -lcrypt   -lz >&5
/usr/bin/ld: /tmp/ccZkdK7h.o: in function `main':
conftest.c:(.text+0xe): undefined reference to `kqueue'
collect2: error: ld returned 1 exit status
configure:9038: $? = 1
configure: failed program was:
| /* confdefs.h */
| #define PACKAGE_NAME "CUPS"
| #define PACKAGE_TARNAME "cups"
| #define PACKAGE_VERSION "2.4.0"
| #define PACKAGE_STRING "CUPS 2.4.0"
| #define PACKAGE_BUGREPORT "https://github.com/openprinting/cups/issues"
| #define PACKAGE_URL "https://openprinting.github.io/cups"
| #define CUPS_SVERSION "CUPS v2.4.0"
| #define CUPS_MINIMAL "CUPS/2.4.0"
| #define HAVE_ABS 1
| #define HAVE_STDIO_H 1
| #define HAVE_STDLIB_H 1
| #define HAVE_STRING_H 1
| #define HAVE_INTTYPES_H 1
| #define HAVE_STDINT_H 1
| #define HAVE_STRINGS_H 1
| #define HAVE_SYS_STAT_H 1
| #define HAVE_SYS_TYPES_H 1
| #define HAVE_UNISTD_H 1
| #define STDC_HEADERS 1
| #define HAVE_CRYPT_H 1
| #define HAVE_LANGINFO_H 1
| #define HAVE_MALLOC_H 1
| #define HAVE_SHADOW_H 1
| #define HAVE_STDINT_H 1
| #define HAVE_SYS_IOCTL_H 1
| #define HAVE_SYS_PARAM_H 1
| #define HAVE_ICONV_H 1
| #define HAVE_SYS_MOUNT_H 1
| #define HAVE_SYS_STATFS_H 1
| #define HAVE_SYS_STATVFS_H 1
| #define HAVE_SYS_VFS_H 1
| #define HAVE_STATFS 1
| #define HAVE_STATVFS 1
| #define HAVE_STRDUP 1
| #define HAVE_SNPRINTF 1
| #define HAVE_VSNPRINTF 1
| #define HAVE_RANDOM 1
| #define HAVE_LRAND48 1
| #define HAVE_GETEUID 1
| #define HAVE_SETPGID 1
| #define HAVE_VSYSLOG 1
| #define HAVE_SIGACTION 1
| #define HAVE_WAITPID 1
| #define HAVE_WAIT3 1
| #define HAVE_POSIX_SPAWN 1
| #define HAVE_GETGROUPLIST 1
| #define HAVE_TM_GMTOFF 1
| #define HAVE_LIBUSB 1
| #define HAVE_LIBZ 1
| #define HAVE_INFLATECOPY 1
| #define HAVE_DBUS 1
| #define HAVE_DBUS_MESSAGE_ITER_INIT_APPEND 1
| #define HAVE_DBUS_THREADS_INIT 1
| #define CUPS_DEFAULT_PRINTOPERATOR_AUTH "@SYSTEM"
| #define CUPS_DEFAULT_SYSTEM_AUTHKEY ""
| #define CUPS_BINDIR "/usr/bin"
| #define CUPS_SBINDIR "/usr/sbin"
| #define CUPS_CACHEDIR "/var/cache/cups"
| #define CUPS_DATADIR "/usr/share/cups"
| #define CUPS_DOCROOT "/usr/share/doc/cups"
| #define CUPS_LOCALEDIR "/usr/share/locale"
| #define CUPS_PKGCONFPATH "/usr/lib/pkgconfig"
| #define CUPS_LOGDIR "/var/log/cups"
| #define CUPS_REQUESTS "/var/spool/cups"
| #define CUPS_SERVERBIN "/usr/lib/cups"
| #define CUPS_SERVERROOT "/etc/cups"
| #define CUPS_STATEDIR "/var/run/cups"
| #define HAVE_RESOLV_H 1
| #define HAVE_GETIFADDRS 1
| #define HAVE_HSTRERROR 1
| #define HAVE_RRESVPORT_AF 1
| #define HAVE_RES_INIT 1
| #define HAVE_GETADDRINFO 1
| #define HAVE_GETNAMEINFO 1
| #define CUPS_DEFAULT_DOMAINSOCKET "/var/run/cups/cups.sock"
| #define HAVE_POLL 1
| #define HAVE_EPOLL 1
| /* end confdefs.h.  */
| /* Define kqueue to an innocuous variant, in case <limits.h> declares kqueue.
|    For example, HP-UX 11i <limits.h> declares gettimeofday.  */
| #define kqueue innocuous_kqueue
| 
| /* System header to define __stub macros and hopefully few prototypes,
|    which can conflict with char kqueue (); below.  */
| 
| #include <limits.h>
| #undef kqueue
| 
| /* Override any GCC internal prototype to avoid an error.
|    Use char because int might match the return type of a GCC
|    builtin and then its argument prototype would still apply.  */
| #ifdef __cplusplus
| extern "C"
| #endif
| char kqueue ();
| /* The GNU C library defines this for functions which it implements
|     to always fail with ENOSYS.  Some functions are actually named
|     something starting with __ and the normal name is an alias.  */
| #if defined __stub_kqueue || defined __stub___kqueue
| choke me
| #endif
| 
| int
| main (void)
| {
| return kqueue ();
|   ;
|   return 0;
| }
configure:9038: result: no
configure:9512: checking for pthread.h
configure:9512: gcc -c  -I/usr/include/libusb-1.0 -I/usr/include/dbus-1.0 -I/usr/lib/x86_64-linux-gnu/dbus-1.0/include -DDBUS_API_SUBJECT_TO_CHANGE -D_FORTIFY_SOURCE=2  conftest.c >&5
configure:9512: $? = 0
configure:9512: result: yes
configure:9527: checking for pthread_create using -lpthreads
configure:9546: gcc -o conftest  -I/usr/include/libusb-1.0 -I/usr/include/dbus-1.0 -I/usr/lib/x86_64-linux-gnu/dbus-1.0/include -DDBUS_API_SUBJECT_TO_CHANGE -D_FORTIFY_SOURCE=2   conftest.c -lpthreads -lm -lcrypt   -lz >&5
conftest.c: In function 'main':
conftest.c:88:3: warning: null argument where non-null required (argument 1) [-Wnonnull]
   88 |   pthread_create(0, 0, 0, 0);
      |   ^~~~~~~~~~~~~~
conftest.c:88:3: warning: null argument where non-null required (argument 3) [-Wnonnull]
/usr/bin/ld: cannot find -lpthreads
collect2: error: ld returned 1 exit status
configure:9546: $? = 1
configure: failed program was:
| /* confdefs.h */
| #define PACKAGE_NAME "CUPS"
| #define PACKAGE_TARNAME "cups"
| #define PACKAGE_VERSION "2.4.0"
| #define PACKAGE_STRING "CUPS 2.4.0"
| #define PACKAGE_BUGREPORT "https://github.com/openprinting/cups/issues"
| #define PACKAGE_URL "https://openprinting.github.io/cups"
| #define CUPS_SVERSION "CUPS v2.4.0"
| #define CUPS_MINIMAL "CUPS/2.4.0"
| #define HAVE_ABS 1
| #define HAVE_STDIO_H 1
| #define HAVE_STDLIB_H 1
| #define HAVE_STRING_H 1
| #define HAVE_INTTYPES_H 1
| #define HAVE_STDINT_H 1
| #define HAVE_STRINGS_H 1
| #define HAVE_SYS_STAT_H 1
| #define HAVE_SYS_TYPES_H 1
| #define HAVE_UNISTD_H 1
| #define STDC_HEADERS 1
| #define HAVE_CRYPT_H 1
| #define HAVE_LANGINFO_H 1
| #define HAVE_MALLOC_H 1
| #define HAVE_SHADOW_H 1
| #define HAVE_STDINT_H 1
| #define HAVE_SYS_IOCTL_H 1
| #define HAVE_SYS_PARAM_H 1
| #define HAVE_ICONV_H 1
| #define HAVE_SYS_MOUNT_H 1
| #define HAVE_SYS_STATFS_H 1
| #define HAVE_SYS_STATVFS_H 1
| #define HAVE_SYS_VFS_H 1
| #define HAVE_STATFS 1
| #define HAVE_STATVFS 1
| #define HAVE_STRDUP 1
| #define HAVE_SNPRINTF 1
| #define HAVE_VSNPRINTF 1
| #define HAVE_RANDOM 1
| #define HAVE_LRAND48 1
| #define HAVE_GETEUID 1
| #define HAVE_SETPGID 1
| #define HAVE_VSYSLOG 1
| #define HAVE_SIGACTION 1
| #define HAVE_WAITPID 1
| #define HAVE_WAIT3 1
| #define HAVE_POSIX_SPAWN 1
| #define HAVE_GETGROUPLIST 1
| #define HAVE_TM_GMTOFF 1
| #define HAVE_LIBUSB 1
| #define HAVE_LIBZ 1
| #define HAVE_INFLATECOPY 1
| #define HAVE_DBUS 1
| #define HAVE_DBUS_MESSAGE_ITER_INIT_APPEND 1
| #define HAVE_DBUS_THREADS_INIT 1
| #define CUPS_DEFAULT_PRINTOPERATOR_AUTH "@SYSTEM"
| #define CUPS_DEFAULT_SYSTEM_AUTHKEY ""
| #define CUPS_BINDIR "/usr/bin"
| #define CUPS_SBINDIR "/usr/sbin"
| #define CUPS_CACHEDIR "/var/cache/cups"
| #define CUPS_DATADIR "/usr/share/cups"
| #define CUPS_DOCROOT "/usr/share/doc/cups"
| #define CUPS_LOCALEDIR "/usr/share/locale"
| #define CUPS_PKGCONFPATH "/usr/lib/pkgconfig"
| #define CUPS_LOGDIR "/var/log/cups"
| #define CUPS_REQUESTS "/var/spool/cups"
| #define CUPS_SERVERBIN "/usr/lib/cups"
| #define CUPS_SERVERROOT "/etc/cups"
| #define CUPS_STATEDIR "/var/run/cups"
| #define HAVE_RESOLV_H 1
| #define HAVE_GETIFADDRS 1
| #define HAVE_HSTRERROR 1
| #define HAVE_RRESVPORT_AF 1
| #define HAVE_RES_INIT 1
| #define HAVE_GETADDRINFO 1
| #define HAVE_GETNAMEINFO 1
| #define CUPS_DEFAULT_DOMAINSOCKET "/var/run/cups/cups.sock"
| #define HAVE_POLL 1
| #define HAVE_EPOLL 1
| #define CUPS_DEFAULT_GSSSERVICENAME "host"
| #define HAVE_PTHREAD_H 1
| /* end confdefs.h.  */
| 
| 	    #include <pthread.h>
| int
| main (void)
| {
| 
| 		pthread_create(0, 0, 0, 0);
| 
|   ;
|   return 0;
| }
| 
configure:9558: result: no
configure:9527: checking for pthread_create using -lpthread
configure:9546: gcc -o conftest  -I/usr/include/libusb-1.0 -I/usr/include/dbus-1.0 -I/usr/lib/x86_64-linux-gnu/dbus-1.0/include -DDBUS_API_SUBJECT_TO_CHANGE -D_FORTIFY_SOURCE=2   conftest.c -lpthread -lm -lcrypt   -lz >&5
conftest.c: In function 'main':
conftest.c:88:3: warning: null argument where non-null required (argument 1) [-Wnonnull]
   88 |   pthread_create(0, 0, 0, 0);
      |   ^~~~~~~~~~~~~~
conftest.c:88:3: warning: null argument where non-null required (argument 3) [-Wnonnull]
configure:9546: $? = 0
configure:9558: result: yes
configure:9730: checking for libgnutls-config
configure:9768: result: no
configure:9790: checking for gnutls package
configure:9795: result: yes
configure:9841: checking for gnutls_transport_set_pull_timeout_function
configure:9841: gcc -o conftest  -I/usr/include/libusb-1.0 -I/usr/include/dbus-1.0 -I/usr/lib/x86_64-linux-gnu/dbus-1.0/include -DDBUS_API_SUBJECT_TO_CHANGE -D_FORTIFY_SOURCE=2   conftest.c -lpthread -lm -lcrypt   -lz -lgnutls >&5
configure:9841: $? = 0
configure:9841: result: yes
configure:9851: checking for gnutls_priority_set_direct
configure:9851: gcc -o conftest  -I/usr/include/libusb-1.0 -I/usr/include/dbus-1.0 -I/usr/lib/x86_64-linux-gnu/dbus-1.0/include -DDBUS_API_SUBJECT_TO_CHANGE -D_FORTIFY_SOURCE=2   conftest.c -lpthread -lm -lcrypt   -lz -lgnutls >&5
configure:9851: $? = 0
configure:9851: result: yes
configure:9876:     Using TLSLIBS="-lgnutls"
configure:9878:     Using TLSFLAGS="-I/usr/include/p11-kit-1"
configure:9923: checking for dlopen in -ldl
configure:9946: gcc -o conftest  -I/usr/include/libusb-1.0 -I/usr/include/dbus-1.0 -I/usr/lib/x86_64-linux-gnu/dbus-1.0/include -DDBUS_API_SUBJECT_TO_CHANGE -D_FORTIFY_SOURCE=2   conftest.c -ldl  -lpthread -lm -lcrypt   -lz >&5
configure:9946: $? = 0
configure:9956: result: yes
configure:9966: checking for pam_start in -lpam
configure:9989: gcc -o conftest  -I/usr/include/libusb-1.0 -I/usr/include/dbus-1.0 -I/usr/lib/x86_64-linux-gnu/dbus-1.0/include -DDBUS_API_SUBJECT_TO_CHANGE -D_FORTIFY_SOURCE=2   conftest.c -lpam  -ldl -lpthread -lm -lcrypt   -lz >&5
configure:9989: $? = 0
configure:9999: result: yes
configure:10009: checking for pam_set_item in -lpam
configure:10032: gcc -o conftest  -I/usr/include/libusb-1.0 -I/usr/include/dbus-1.0 -I/usr/lib/x86_64-linux-gnu/dbus-1.0/include -DDBUS_API_SUBJECT_TO_CHANGE -D_FORTIFY_SOURCE=2   conftest.c -lpam  -lpam -ldl -lpthread -lm -lcrypt   -lz >&5
configure:10032: $? = 0
configure:10042: result: yes
configure:10053: checking for pam_setcred in -lpam
configure:10076: gcc -o conftest  -I/usr/include/libusb-1.0 -I/usr/include/dbus-1.0 -I/usr/lib/x86_64-linux-gnu/dbus-1.0/include -DDBUS_API_SUBJECT_TO_CHANGE -D_FORTIFY_SOURCE=2   conftest.c -lpam  -lpam -ldl -lpthread -lm -lcrypt   -lz >&5
configure:10076: $? = 0
configure:10086: result: yes
configure:10097: checking for security/pam_appl.h
configure:10097: gcc -c  -I/usr/include/libusb-1.0 -I/usr/include/dbus-1.0 -I/usr/lib/x86_64-linux-gnu/dbus-1.0/include -DDBUS_API_SUBJECT_TO_CHANGE -D_FORTIFY_SOURCE=2  conftest.c >&5
configure:10097: $? = 0
configure:10097: result: yes
configure:10242: checking for special C compiler options needed for large files
configure:10290: result: no
configure:10296: checking for _FILE_OFFSET_BITS value needed for large files
configure:10322: gcc -c  -I/usr/include/libusb-1.0 -I/usr/include/dbus-1.0 -I/usr/lib/x86_64-linux-gnu/dbus-1.0/include -DDBUS_API_SUBJECT_TO_CHANGE -D_FORTIFY_SOURCE=2  conftest.c >&5
configure:10322: $? = 0
configure:10356: result: no
configure:10462: checking for long long int
configure:10504: result: yes
configure:10516: checking for strtoll
configure:10516: gcc -o conftest  -I/usr/include/libusb-1.0 -I/usr/include/dbus-1.0 -I/usr/lib/x86_64-linux-gnu/dbus-1.0/include -DDBUS_API_SUBJECT_TO_CHANGE -D_FORTIFY_SOURCE=2   conftest.c -lpthread -lm -lcrypt   -lz >&5
configure:10516: $? = 0
configure:10516: result: yes
configure:10575: checking for dns_sd.h
configure:10575: gcc -c  -I/usr/include/libusb-1.0 -I/usr/include/dbus-1.0 -I/usr/lib/x86_64-linux-gnu/dbus-1.0/include -DDBUS_API_SUBJECT_TO_CHANGE -D_FORTIFY_SOURCE=2  conftest.c >&5
conftest.c:120:10: fatal error: dns_sd.h: No such file or directory
  120 | #include <dns_sd.h>
      |          ^~~~~~~~~~
compilation terminated.
configure:10575: $? = 1
configure: failed program was:
| /* confdefs.h */
| #define PACKAGE_NAME "CUPS"
| #define PACKAGE_TARNAME "cups"
| #define PACKAGE_VERSION "2.4.0"
| #define PACKAGE_STRING "CUPS 2.4.0"
| #define PACKAGE_BUGREPORT "https://github.com/openprinting/cups/issues"
| #define PACKAGE_URL "https://openprinting.github.io/cups"
| #define CUPS_SVERSION "CUPS v2.4.0"
| #define CUPS_MINIMAL "CUPS/2.4.0"
| #define HAVE_ABS 1
| #define HAVE_STDIO_H 1
| #define HAVE_STDLIB_H 1
| #define HAVE_STRING_H 1
| #define HAVE_INTTYPES_H 1
| #define HAVE_STDINT_H 1
| #define HAVE_STRINGS_H 1
| #define HAVE_SYS_STAT_H 1
| #define HAVE_SYS_TYPES_H 1
| #define HAVE_UNISTD_H 1
| #define STDC_HEADERS 1
| #define HAVE_CRYPT_H 1
| #define HAVE_LANGINFO_H 1
| #define HAVE_MALLOC_H 1
| #define HAVE_SHADOW_H 1
| #define HAVE_STDINT_H 1
| #define HAVE_SYS_IOCTL_H 1
| #define HAVE_SYS_PARAM_H 1
| #define HAVE_ICONV_H 1
| #define HAVE_SYS_MOUNT_H 1
| #define HAVE_SYS_STATFS_H 1
| #define HAVE_SYS_STATVFS_H 1
| #define HAVE_SYS_VFS_H 1
| #define HAVE_STATFS 1
| #define HAVE_STATVFS 1
| #define HAVE_STRDUP 1
| #define HAVE_SNPRINTF 1
| #define HAVE_VSNPRINTF 1
| #define HAVE_RANDOM 1
| #define HAVE_LRAND48 1
| #define HAVE_GETEUID 1
| #define HAVE_SETPGID 1
| #define HAVE_VSYSLOG 1
| #define HAVE_SIGACTION 1
| #define HAVE_WAITPID 1
| #define HAVE_WAIT3 1
| #define HAVE_POSIX_SPAWN 1
| #define HAVE_GETGROUPLIST 1
| #define HAVE_TM_GMTOFF 1
| #define HAVE_LIBUSB 1
| #define HAVE_LIBZ 1
| #define HAVE_INFLATECOPY 1
| #define HAVE_DBUS 1
| #define HAVE_DBUS_MESSAGE_ITER_INIT_APPEND 1
| #define HAVE_DBUS_THREADS_INIT 1
| #define CUPS_DEFAULT_PRINTOPERATOR_AUTH "@SYSTEM"
| #define CUPS_DEFAULT_SYSTEM_AUTHKEY ""
| #define CUPS_BINDIR "/usr/bin"
| #define CUPS_SBINDIR "/usr/sbin"
| #define CUPS_CACHEDIR "/var/cache/cups"
| #define CUPS_DATADIR "/usr/share/cups"
| #define CUPS_DOCROOT "/usr/share/doc/cups"
| #define CUPS_LOCALEDIR "/usr/share/locale"
| #define CUPS_PKGCONFPATH "/usr/lib/pkgconfig"
| #define CUPS_LOGDIR "/var/log/cups"
| #define CUPS_REQUESTS "/var/spool/cups"
| #define CUPS_SERVERBIN "/usr/lib/cups"
| #define CUPS_SERVERROOT "/etc/cups"
| #define CUPS_STATEDIR "/var/run/cups"
| #define HAVE_RESOLV_H 1
| #define HAVE_GETIFADDRS 1
| #define HAVE_HSTRERROR 1
| #define HAVE_RRESVPORT_AF 1
| #define HAVE_RES_INIT 1
| #define HAVE_GETADDRINFO 1
| #define HAVE_GETNAMEINFO 1
| #define CUPS_DEFAULT_DOMAINSOCKET "/var/run/cups/cups.sock"
| #define HAVE_POLL 1
| #define HAVE_EPOLL 1
| #define CUPS_DEFAULT_GSSSERVICENAME "host"
| #define HAVE_PTHREAD_H 1
| #define HAVE_TLS 1
| #define HAVE_GNUTLS 1
| #define HAVE_GNUTLS_TRANSPORT_SET_PULL_TIMEOUT_FUNCTION 1
| #define HAVE_GNUTLS_PRIORITY_SET_DIRECT 1
| #define HAVE_LIBDL 1
| #define HAVE_LIBPAM 1
| #define HAVE_PAM_SET_ITEM 1
| #define HAVE_PAM_SETCRED 1
| #define HAVE_LONG_LONG 1
| #define HAVE_STRTOLL 1
| /* end confdefs.h.  */
| #include <stddef.h>
| #ifdef HAVE_STDIO_H
| # include <stdio.h>
| #endif
| #ifdef HAVE_STDLIB_H
| # include <stdlib.h>
| #endif
| #ifdef HAVE_STRING_H
| # include <string.h>
| #endif
| #ifdef HAVE_INTTYPES_H
| # include <inttypes.h>
| #endif
| #ifdef HAVE_STDINT_H
| # include <stdint.h>
| #endif
| #ifdef HAVE_STRINGS_H
| # include <strings.h>
| #endif
| #ifdef HAVE_SYS_TYPES_H
| # include <sys/types.h>
| #endif
| #ifdef HAVE_SYS_STAT_H
| # include <sys/stat.h>
| #endif
| #ifdef HAVE_UNISTD_H
| # include <unistd.h>
| #endif
| #include <dns_sd.h>
configure:10575: result: no
configure:10676: checking for Avahi client
configure:10681: result: yes
configure:10760: checking for libapparmor
configure:10931: checking for libsystemd
configure:10937: result: yes
configure:10978: checking for systemd/sd-journal.h
configure:10978: gcc -c  -I/usr/include/libusb-1.0 -I/usr/include/dbus-1.0 -I/usr/lib/x86_64-linux-gnu/dbus-1.0/include -DDBUS_API_SUBJECT_TO_CHANGE -D_FORTIFY_SOURCE=2 -D_REENTRANT  conftest.c >&5
configure:10978: $? = 0
configure:10978: result: yes
configure:11621: checking for default print user
configure:11648: result: lp
configure:11691: checking for default print group
configure:11719: result: lp
configure:11769: checking for default system groups
configure:11803: result: "lpadmin sys root"
configure:12199: creating ./config.status

## ---------------------- ##
## Running config.status. ##
## ---------------------- ##

This file was extended by CUPS config.status 2.4.0, which was
generated by GNU Autoconf 2.71.  Invocation command line was

  CONFIG_FILES    = 
  CONFIG_HEADERS  = 
  CONFIG_LINKS    = 
  CONFIG_COMMANDS = 
  $ ./config.status 

on chandresh-ROG-Strix-G512LI-G512LI

config.status:1065: creating Makedefs
config.status:1065: creating conf/cups-files.conf
config.status:1065: creating conf/cupsd.conf
config.status:1065: creating conf/mime.convs
config.status:1065: creating conf/pam.std
config.status:1065: creating conf/snmp.conf
config.status:1065: creating cups.pc
config.status:1065: creating cups-config
config.status:1065: creating desktop/cups.desktop
config.status:1065: creating doc/index.html
config.status:1065: creating scheduler/cups-lpd.xinetd
config.status:1065: creating scheduler/cups.sh
config.status:1065: creating scheduler/cups.xml
config.status:1065: creating scheduler/org.cups.cups-lpd.plist
config.status:1065: creating scheduler/cups-lpdAT.service
config.status:1065: creating scheduler/cups.path
config.status:1065: creating scheduler/cups.service
config.status:1065: creating scheduler/cups.socket
config.status:1065: creating templates/header.tmpl
config.status:1065: creating packaging/cups.list
config.status:1065: creating doc/da/index.html
config.status:1065: creating templates/da/header.tmpl
config.status:1065: creating doc/de/index.html
config.status:1065: creating templates/de/header.tmpl
config.status:1065: creating doc/es/index.html
config.status:1065: creating templates/es/header.tmpl
config.status:1065: creating doc/fr/index.html
config.status:1065: creating templates/fr/header.tmpl
config.status:1065: creating doc/ja/index.html
config.status:1065: creating templates/ja/header.tmpl
config.status:1065: creating doc/pt_BR/index.html
config.status:1065: creating templates/pt_BR/header.tmpl
config.status:1065: creating doc/ru/index.html
config.status:1065: creating templates/ru/header.tmpl
config.status:1065: creating config.h

## ---------------- ##
## Cache variables. ##
## ---------------- ##

ac_cv_build=x86_64-unknown-linux-gnu
ac_cv_c_compiler_gnu=yes
ac_cv_c_long_long=yes
ac_cv_cxx_compiler_gnu=yes
ac_cv_env_CCC_set=
ac_cv_env_CCC_value=
ac_cv_env_CC_set=
ac_cv_env_CC_value=
ac_cv_env_CFLAGS_set=
ac_cv_env_CFLAGS_value=
ac_cv_env_CPPFLAGS_set=
ac_cv_env_CPPFLAGS_value=
ac_cv_env_CPP_set=
ac_cv_env_CPP_value=
ac_cv_env_CXXFLAGS_set=
ac_cv_env_CXXFLAGS_value=
ac_cv_env_CXX_set=
ac_cv_env_CXX_value=
ac_cv_env_LDFLAGS_set=
ac_cv_env_LDFLAGS_value=
ac_cv_env_LIBS_set=
ac_cv_env_LIBS_value=
ac_cv_env_build_alias_set=
ac_cv_env_build_alias_value=
ac_cv_env_host_alias_set=
ac_cv_env_host_alias_value=
ac_cv_env_target_alias_set=
ac_cv_env_target_alias_value=
ac_cv_func_arc4random=no
ac_cv_func_dbus_message_iter_init_append=yes
ac_cv_func_dbus_threads_init_default=yes
ac_cv_func_epoll_create=yes
ac_cv_func_geteuid=yes
ac_cv_func_getgrouplist=yes
ac_cv_func_gnutls_priority_set_direct=yes
ac_cv_func_gnutls_transport_set_pull_timeout_function=yes
ac_cv_func_kqueue=no
ac_cv_func_lrand48=yes
ac_cv_func_poll=yes
ac_cv_func_posix_spawn=yes
ac_cv_func_random=yes
ac_cv_func_removefile=no
ac_cv_func_setpgid=yes
ac_cv_func_sigaction=yes
ac_cv_func_snprintf=yes
ac_cv_func_statfs=yes
ac_cv_func_statvfs=yes
ac_cv_func_strdup=yes
ac_cv_func_strlcat=no
ac_cv_func_strlcpy=no
ac_cv_func_strtoll=yes
ac_cv_func_vsnprintf=yes
ac_cv_func_vsyslog=yes
ac_cv_func_wait3=yes
ac_cv_func_waitpid=yes
ac_cv_header_crypt_h=yes
ac_cv_header_dns_sd_h=no
ac_cv_header_iconv_h=yes
ac_cv_header_inttypes_h=yes
ac_cv_header_langinfo_h=yes
ac_cv_header_malloc_h=yes
ac_cv_header_pthread_h=yes
ac_cv_header_resolv_h=yes
ac_cv_header_security_pam_appl_h=yes
ac_cv_header_shadow_h=yes
ac_cv_header_stdint_h=yes
ac_cv_header_stdio_h=yes
ac_cv_header_stdlib_h=yes
ac_cv_header_string_h=yes
ac_cv_header_strings_h=yes
ac_cv_header_sys_ioctl_h=yes
ac_cv_header_sys_mount_h=yes
ac_cv_header_sys_param_h=yes
ac_cv_header_sys_sockio_h=no
ac_cv_header_sys_stat_h=yes
ac_cv_header_sys_statfs_h=yes
ac_cv_header_sys_statvfs_h=yes
ac_cv_header_sys_types_h=yes
ac_cv_header_sys_ucred_h=no
ac_cv_header_sys_vfs_h=yes
ac_cv_header_systemd_sd_journal_h=yes
ac_cv_header_unistd_h=yes
ac_cv_header_zlib_h=yes
ac_cv_host=x86_64-unknown-linux-gnu
ac_cv_lib_dl_dlopen=yes
ac_cv_lib_pam_pam_set_item=yes
ac_cv_lib_pam_pam_setcred=yes
ac_cv_lib_pam_pam_start=yes
ac_cv_lib_z_gzgets=yes
ac_cv_lib_z_inflateCopy=yes
ac_cv_member_struct_sockaddr_sa_len=no
ac_cv_objext=o
ac_cv_path_AR=/usr/bin/ar
ac_cv_path_CHMOD=/usr/bin/chmod
ac_cv_path_CODE_SIGN=/usr/bin/true
ac_cv_path_GZIPPROG=/usr/bin/gzip
ac_cv_path_LD=/usr/bin/ld
ac_cv_path_LN=/usr/bin/ln
ac_cv_path_MKDIR=/usr/bin/mkdir
ac_cv_path_MV=/usr/bin/mv
ac_cv_path_RM=/usr/bin/rm
ac_cv_path_RMDIR=/usr/bin/rmdir
ac_cv_path_SED=/usr/bin/sed
ac_cv_path_XDGOPEN=/usr/bin/xdg-open
ac_cv_path_ac_pt_PKGCONFIG=/usr/bin/pkg-config
ac_cv_prog_AWK=mawk
ac_cv_prog_CPP='gcc -E'
ac_cv_prog_ac_ct_CC=gcc
ac_cv_prog_ac_ct_CXX=g++
ac_cv_prog_ac_ct_RANLIB=ranlib
ac_cv_prog_cc_c11=
ac_cv_prog_cc_g=yes
ac_cv_prog_cc_stdc=
ac_cv_prog_cxx_11=no
ac_cv_prog_cxx_cxx11=
ac_cv_prog_cxx_g=yes
ac_cv_prog_cxx_stdcxx=
ac_cv_search___res_init='none required'
ac_cv_search_abs='none required'
ac_cv_search_acl_init=no
ac_cv_search_crypt=-lcrypt
ac_cv_search_fmod=-lm
ac_cv_search_getaddrinfo='none required'
ac_cv_search_gethostbyaddr='none required'
ac_cv_search_getifaddrs='none required'
ac_cv_search_getnameinfo='none required'
ac_cv_search_getspent='none required'
ac_cv_search_hstrerror='none required'
ac_cv_search_iconv_open='none required'
ac_cv_search_libiconv_open=no
ac_cv_search_rresvport_af='none required'
ac_cv_search_socket='none required'
ac_cv_sys_file_offset_bits=no
ac_cv_sys_largefile_CC=no

## ----------------- ##
## Output variables. ##
## ----------------- ##

APPARMORLIBS=''
AR='/usr/bin/ar'
ARCHFLAGS=''
ARFLAGS='crvs'
AWK='mawk'
BACKLIBS=''
BUILDDIRS='tools filter backend berkeley cgi-bin monitor notifier ppdc scheduler systemv conf data desktop locale man doc examples templates'
CC='gcc'
CFLAGS=' -I/usr/include/libusb-1.0 -I/usr/include/dbus-1.0 -I/usr/lib/x86_64-linux-gnu/dbus-1.0/include -DDBUS_API_SUBJECT_TO_CHANGE -D_FORTIFY_SOURCE=2 -D_REENTRANT'
CHMOD='/usr/bin/chmod'
CODE_SIGN='/usr/bin/true'
CPP='gcc -E'
CPPFLAGS=''
CUPS_ACCESS_LOG_LEVEL='none'
CUPS_API_VERSION='2.4'
CUPS_BROWSE_LOCAL_PROTOCOLS='dnssd'
CUPS_BROWSING='Yes'
CUPS_BUILD='cups-2.4.0'
CUPS_BUNDLEDIR=''
CUPS_CACHEDIR='/var/cache/cups'
CUPS_CONFIG_FILE_PERM='640'
CUPS_CUPSD_FILE_PERM='700'
CUPS_DATADIR='/usr/share/cups'
CUPS_DEFAULT_DOMAINSOCKET='/var/run/cups/cups.sock'
CUPS_DEFAULT_GSSSERVICENAME='host'
CUPS_DEFAULT_PRINTCAP='/etc/printcap'
CUPS_DEFAULT_PRINTOPERATOR_AUTH='@SYSTEM'
CUPS_DEFAULT_SHARED='Yes'
CUPS_DOCROOT='/usr/share/doc/cups'
CUPS_ERROR_POLICY='stop-printer'
CUPS_EXE_FILE_PERM='755'
CUPS_FATAL_ERRORS='config'
CUPS_GROUP='lp'
CUPS_HTMLVIEW='/usr/bin/xdg-open'
CUPS_LISTEN_DOMAINSOCKET='Listen /var/run/cups/cups.sock'
CUPS_LOCALEDIR='/usr/share/locale'
CUPS_LOGDIR='/var/log/cups'
CUPS_LOG_FILE_PERM='644'
CUPS_LOG_LEVEL='warn'
CUPS_MAX_COPIES='9999'
CUPS_MAX_LOG_SIZE='1m'
CUPS_PAGE_LOG_FORMAT='PageLogFormat'
CUPS_PKGCONFPATH='/usr/lib/pkgconfig'
CUPS_PRIMARY_SYSTEM_GROUP='lpadmin'
CUPS_REQUESTS='/var/spool/cups'
CUPS_RESOURCEDIR=''
CUPS_SERVERBIN='/usr/lib/cups'
CUPS_SERVERKEYCHAIN='ssl'
CUPS_SERVERROOT='/etc/cups'
CUPS_SNMP_ADDRESS='Address @LOCAL'
CUPS_SNMP_COMMUNITY='Community public'
CUPS_STATEDIR='/var/run/cups'
CUPS_SYNC_ON_CLOSE='No'
CUPS_SYSTEM_AUTHKEY=''
CUPS_SYSTEM_GROUPS='lpadmin sys root'
CUPS_USER='lp'
CUPS_VERSION='2.4.0'
CUPS_WEBIF='Yes'
CXX='g++'
CXXFLAGS=' -D_FORTIFY_SOURCE=2'
CXXLIBS=''
DBUSDIR='/etc/dbus-1'
DBUS_NOTIFIER='dbus'
DBUS_NOTIFIERLIBS='-ldbus-1'
DEFAULT_IPP_PORT='631'
DEFAULT_RAW_PRINTING=''
DEFS='-DHAVE_CONFIG_H'
DNSSDLIBS='-lavahi-common -lavahi-client'
DNSSD_BACKEND='dnssd'
DSO='$(CC)'
DSOFLAGS=' -Wl,-soname,`basename $@` -shared'
DSOXX='$(CXX)'
ECHO_C=''
ECHO_N='-n'
ECHO_T=''
EXEEXT=''
EXPORT_LDFLAGS=''
EXPORT_TLSLIBS='-lgnutls'
EXTLINKCUPS='-lcups'
GZIPPROG='/usr/bin/gzip'
ICONDIR='/usr/share/icons'
INITDDIR=''
INITDIR=''
INSTALL='/home/chandresh/cups/install-sh'
INSTALLSTATIC=''
INSTALLXPC=''
INSTALL_GZIP='-z'
INSTALL_LANGUAGES='install-languages'
INSTALL_STRIP='-s'
INSTALL_SYSV='install-sysv'
IPPALIASES='http https ipps'
IPPEVECOMMANDS='ippevepcl ippeveps'
IPPFIND_BIN='ippfind'
IPPFIND_MAN='ippfind.1'
KRB5CONFIG=''
LANGUAGES='ca cs da de en es fr it ja pt_BR ru zh_CN '
LARGEFILE='-D_LARGEFILE_SOURCE -D_LARGEFILE64_SOURCE'
LAUNCHD_DIR=''
LD='/usr/bin/ld'
LDARCHFLAGS=''
LDFLAGS=''
LD_CC='$(CC)'
LD_CXX='$(CXX)'
LIBCUPS='libcups.so.2'
LIBCUPSBASE='libcups'
LIBCUPSIMAGE='libcupsimage.so.2'
LIBCUPSOBJS='$(COREOBJS) $(DRIVEROBJS)'
LIBCUPSSTATIC='libcups.a'
LIBGNUTLSCONFIG=''
LIBGSSAPI=''
LIBHEADERS='$(COREHEADERS) $(DRIVERHEADERS)'
LIBHEADERSPRIV='$(COREHEADERSPRIV) $(DRIVERHEADERSPRIV)'
LIBMALLOC=''
LIBOBJS=''
LIBPAPER=''
LIBS='-lpthread -lm -lcrypt   -lz'
LIBTOOL=''
LIBTOOL_CC=''
LIBTOOL_CXX=''
LIBTOOL_INSTALL=''
LIBUSB='-lusb-1.0'
LIBWRAP=''
LIBZ='-lz'
LINKCUPS='-L../cups -lcups'
LN='/usr/bin/ln'
LOCALTARGET='local'
LTLIBOBJS=''
MENUDIR='/usr/share/applications'
MKDIR='/usr/bin/mkdir'
MV='/usr/bin/mv'
OBJEXT='o'
ONDEMANDFLAGS=''
ONDEMANDLIBS='-lsystemd'
OPTIM='-fPIC -Os -g -fstack-protector -D_GNU_SOURCE'
PACKAGE_BUGREPORT='https://github.com/openprinting/cups/issues'
PACKAGE_NAME='CUPS'
PACKAGE_STRING='CUPS 2.4.0'
PACKAGE_TARNAME='cups'
PACKAGE_URL='https://openprinting.github.io/cups'
PACKAGE_VERSION='2.4.0'
PAMDIR='/etc/pam.d'
PAMFILE='pam.common'
PAMLIBS='-lpam -ldl'
PAMMOD='pam_unknown.so'
PAMMODAUTH='pam_unknown.so nodelay'
PATH_SEPARATOR=':'
PIEFLAGS='-fPIE -pie'
PKGCONFIG='/usr/bin/pkg-config'
PKGCONFIG_CFLAGS=''
PKGCONFIG_LIBS='-L/usr/lib64 -lcups'
PKGCONFIG_LIBS_STATIC=' -lz'
PKGCONFIG_REQUIRES=' gnutls avahi-client'
PTHREAD_FLAGS='-D_THREAD_SAFE -D_REENTRANT'
RANLIB='ranlib'
RCLEVELS='2 3 5'
RCSTART='81'
RCSTOP='36'
RELROFLAGS=''
RM='/usr/bin/rm'
RMDIR='/usr/bin/rmdir'
SED='/usr/bin/sed'
SERVERLIBS='  -ldbus-1'
SHELL='/bin/bash'
SMFMANIFESTDIR=''
SNAPDGLIBLIBS=''
SYSTEMD_DIR='/lib/systemd/system'
SYSTEMD_WANTED_BY='printers.target multi-user.target'
TLSFLAGS='-I/usr/include/p11-kit-1'
TLSLIBS='-lgnutls'
UNINSTALL_LANGUAGES='uninstall-languages'
UNITTESTS=''
USBQUIRKS='$(DATADIR)/usb'
WARNING_OPTIONS='-Wall -Wunused -Wno-char-subscripts -Wno-deprecated-declarations -Wno-format-truncation -Wno-format-y2k -Wno-switch -Wno-unused-result'
XDGOPEN='/usr/bin/xdg-open'
XINETD=''
ac_ct_CC='gcc'
ac_ct_CXX='g++'
bindir='/usr/bin'
build='x86_64-unknown-linux-gnu'
build_alias=''
build_cpu='x86_64'
build_os='linux-gnu'
build_vendor='unknown'
datadir='/usr/share'
datarootdir='/usr/share'
docdir='/usr/share/doc/cups'
dvidir='${docdir}'
exec_prefix='/usr'
host='x86_64-unknown-linux-gnu'
host_alias=''
host_cpu='x86_64'
host_os='linux-gnu'
host_vendor='unknown'
htmldir='${docdir}'
includedir='/usr/include'
infodir='${datarootdir}/info'
libdir='/usr/lib64'
libexecdir='${exec_prefix}/libexec'
localedir='${datarootdir}/locale'
localstatedir='/var'
mandir='/usr/share/man'
oldincludedir='/usr/include'
pdfdir='${docdir}'
prefix='/'
program_transform_name='s,x,x,'
psdir='${docdir}'
runstatedir='${localstatedir}/run'
sbindir='/usr/sbin'
sharedstatedir='${prefix}/com'
sysconfdir='/etc'
target_alias=''

## ----------- ##
## confdefs.h. ##
## ----------- ##

/* confdefs.h */
#define PACKAGE_NAME "CUPS"
#define PACKAGE_TARNAME "cups"
#define PACKAGE_VERSION "2.4.0"
#define PACKAGE_STRING "CUPS 2.4.0"
#define PACKAGE_BUGREPORT "https://github.com/openprinting/cups/issues"
#define PACKAGE_URL "https://openprinting.github.io/cups"
#define CUPS_SVERSION "CUPS v2.4.0"
#define CUPS_MINIMAL "CUPS/2.4.0"
#define HAVE_ABS 1
#define HAVE_STDIO_H 1
#define HAVE_STDLIB_H 1
#define HAVE_STRING_H 1
#define HAVE_INTTYPES_H 1
#define HAVE_STDINT_H 1
#define HAVE_STRINGS_H 1
#define HAVE_SYS_STAT_H 1
#define HAVE_SYS_TYPES_H 1
#define HAVE_UNISTD_H 1
#define STDC_HEADERS 1
#define HAVE_CRYPT_H 1
#define HAVE_LANGINFO_H 1
#define HAVE_MALLOC_H 1
#define HAVE_SHADOW_H 1
#define HAVE_STDINT_H 1
#define HAVE_SYS_IOCTL_H 1
#define HAVE_SYS_PARAM_H 1
#define HAVE_ICONV_H 1
#define HAVE_SYS_MOUNT_H 1
#define HAVE_SYS_STATFS_H 1
#define HAVE_SYS_STATVFS_H 1
#define HAVE_SYS_VFS_H 1
#define HAVE_STATFS 1
#define HAVE_STATVFS 1
#define HAVE_STRDUP 1
#define HAVE_SNPRINTF 1
#define HAVE_VSNPRINTF 1
#define HAVE_RANDOM 1
#define HAVE_LRAND48 1
#define HAVE_GETEUID 1
#define HAVE_SETPGID 1
#define HAVE_VSYSLOG 1
#define HAVE_SIGACTION 1
#define HAVE_WAITPID 1
#define HAVE_WAIT3 1
#define HAVE_POSIX_SPAWN 1
#define HAVE_GETGROUPLIST 1
#define HAVE_TM_GMTOFF 1
#define HAVE_LIBUSB 1
#define HAVE_LIBZ 1
#define HAVE_INFLATECOPY 1
#define HAVE_DBUS 1
#define HAVE_DBUS_MESSAGE_ITER_INIT_APPEND 1
#define HAVE_DBUS_THREADS_INIT 1
#define CUPS_DEFAULT_PRINTOPERATOR_AUTH "@SYSTEM"
#define CUPS_DEFAULT_SYSTEM_AUTHKEY ""
#define CUPS_BINDIR "/usr/bin"
#define CUPS_SBINDIR "/usr/sbin"
#define CUPS_CACHEDIR "/var/cache/cups"
#define CUPS_DATADIR "/usr/share/cups"
#define CUPS_DOCROOT "/usr/share/doc/cups"
#define CUPS_LOCALEDIR "/usr/share/locale"
#define CUPS_PKGCONFPATH "/usr/lib/pkgconfig"
#define CUPS_LOGDIR "/var/log/cups"
#define CUPS_REQUESTS "/var/spool/cups"
#define CUPS_SERVERBIN "/usr/lib/cups"
#define CUPS_SERVERROOT "/etc/cups"
#define CUPS_STATEDIR "/var/run/cups"
#define HAVE_RESOLV_H 1
#define HAVE_GETIFADDRS 1
#define HAVE_HSTRERROR 1
#define HAVE_RRESVPORT_AF 1
#define HAVE_RES_INIT 1
#define HAVE_GETADDRINFO 1
#define HAVE_GETNAMEINFO 1
#define CUPS_DEFAULT_DOMAINSOCKET "/var/run/cups/cups.sock"
#define HAVE_POLL 1
#define HAVE_EPOLL 1
#define CUPS_DEFAULT_GSSSERVICENAME "host"
#define HAVE_PTHREAD_H 1
#define HAVE_TLS 1
#define HAVE_GNUTLS 1
#define HAVE_GNUTLS_TRANSPORT_SET_PULL_TIMEOUT_FUNCTION 1
#define HAVE_GNUTLS_PRIORITY_SET_DIRECT 1
#define HAVE_LIBDL 1
#define HAVE_LIBPAM 1
#define HAVE_PAM_SET_ITEM 1
#define HAVE_PAM_SETCRED 1
#define HAVE_LONG_LONG 1
#define HAVE_STRTOLL 1
#define HAVE_AVAHI 1
#define HAVE_DNSSD 1
#define HAVE_SYSTEMD 1
#define HAVE_ONDEMAND 1
#define HAVE_SYSTEMD_SD_JOURNAL_H 1
#define CUPS_DEFAULT_CONFIG_FILE_PERM 0640
#define CUPS_DEFAULT_LOG_FILE_PERM 0644
#define CUPS_DEFAULT_MAX_LOG_SIZE "1m"
#define CUPS_DEFAULT_ERROR_POLICY "stop-printer"
#define CUPS_DEFAULT_FATAL_ERRORS "config"
#define CUPS_DEFAULT_LOG_LEVEL "warn"
#define CUPS_DEFAULT_ACCESS_LOG_LEVEL "none"
#define CUPS_DEFAULT_BROWSING 1
#define CUPS_DEFAULT_BROWSE_LOCAL_PROTOCOLS "dnssd"
#define CUPS_DEFAULT_DEFAULT_SHARED 1
#define CUPS_DEFAULT_USER "lp"
#define CUPS_DEFAULT_GROUP "lp"
#define CUPS_DEFAULT_SYSTEM_GROUPS "lpadmin sys root"
#define CUPS_DEFAULT_PRINTCAP "/etc/printcap"
#define CUPS_DEFAULT_MAX_COPIES 9999
#define CUPS_DEFAULT_IPP_PORT 631
#define CUPS_DEFAULT_WEBIF 1

configure: exit 0
